{"name":"hexo","hostname":"cs","pid":1452,"level":20,"msg":"Hexo version: 3.2.2","time":"2016-07-29T06:59:24.609Z","v":0}
{"name":"hexo","hostname":"cs","pid":1452,"level":20,"msg":"Working directory: G:\\GitHub\\hexo-blog\\","time":"2016-07-29T06:59:24.612Z","v":0}
{"name":"hexo","hostname":"cs","pid":1452,"level":20,"msg":"Config loaded: G:\\GitHub\\hexo-blog\\_config.yml","time":"2016-07-29T06:59:24.791Z","v":0}
{"name":"hexo","hostname":"cs","pid":1452,"level":20,"msg":"Plugin loaded: hexo-deployer-heroku","time":"2016-07-29T06:59:24.891Z","v":0}
{"name":"hexo","hostname":"cs","pid":1452,"level":20,"msg":"Plugin loaded: hexo-deployer-git","time":"2016-07-29T06:59:24.965Z","v":0}
{"name":"hexo","hostname":"cs","pid":1452,"level":20,"msg":"Plugin loaded: hexo-deployer-rsync","time":"2016-07-29T06:59:24.967Z","v":0}
{"name":"hexo","hostname":"cs","pid":1452,"level":20,"msg":"Plugin loaded: hexo-deployer-openshift","time":"2016-07-29T06:59:25.026Z","v":0}
{"name":"hexo","hostname":"cs","pid":1452,"level":20,"msg":"Plugin loaded: hexo-generator-archive","time":"2016-07-29T06:59:25.032Z","v":0}
{"name":"hexo","hostname":"cs","pid":1452,"level":20,"msg":"Plugin loaded: hexo-generator-category","time":"2016-07-29T06:59:25.035Z","v":0}
{"name":"hexo","hostname":"cs","pid":1452,"level":20,"msg":"Plugin loaded: hexo-generator-feed","time":"2016-07-29T06:59:25.088Z","v":0}
{"name":"hexo","hostname":"cs","pid":1452,"level":20,"msg":"Plugin loaded: hexo-generator-index","time":"2016-07-29T06:59:25.091Z","v":0}
{"name":"hexo","hostname":"cs","pid":1452,"level":20,"msg":"Plugin loaded: hexo-generator-sitemap","time":"2016-07-29T06:59:25.093Z","v":0}
{"name":"hexo","hostname":"cs","pid":1452,"level":20,"msg":"Plugin loaded: hexo-generator-tag","time":"2016-07-29T06:59:25.096Z","v":0}
{"name":"hexo","hostname":"cs","pid":1452,"level":20,"msg":"Plugin loaded: hexo-migrator-cnblogs","time":"2016-07-29T06:59:25.334Z","v":0}
{"name":"hexo","hostname":"cs","pid":1452,"level":20,"msg":"Plugin loaded: hexo-renderer-ejs","time":"2016-07-29T06:59:25.338Z","v":0}
{"name":"hexo","hostname":"cs","pid":1452,"level":20,"msg":"Plugin loaded: hexo-renderer-marked","time":"2016-07-29T06:59:25.347Z","v":0}
{"name":"hexo","hostname":"cs","pid":1452,"level":20,"msg":"Plugin loaded: hexo-renderer-stylus","time":"2016-07-29T06:59:25.504Z","v":0}
{"name":"hexo","hostname":"cs","pid":1452,"level":20,"msg":"Plugin loaded: hexo-server","time":"2016-07-29T06:59:25.581Z","v":0}
{"name":"hexo","hostname":"cs","pid":1452,"level":20,"msg":"Plugin loaded: hexo-toc","time":"2016-07-29T06:59:25.732Z","v":0}
{"name":"hexo","hostname":"cs","pid":1452,"level":20,"msg":"Plugin loaded: hexo-util","time":"2016-07-29T06:59:25.732Z","v":0}
{"name":"hexo","hostname":"cs","pid":1452,"level":20,"msg":"Script loaded: themes\\next\\scripts\\merge-configs.js","time":"2016-07-29T06:59:25.733Z","v":0}
{"name":"hexo","hostname":"cs","pid":1452,"level":20,"msg":"Script loaded: themes\\next\\scripts\\tags\\center-quote.js","time":"2016-07-29T06:59:25.734Z","v":0}
{"name":"hexo","hostname":"cs","pid":1452,"level":20,"msg":"Script loaded: themes\\next\\scripts\\tags\\group-pictures.js","time":"2016-07-29T06:59:25.735Z","v":0}
{"name":"hexo","hostname":"cs","pid":1452,"level":20,"msg":"Script loaded: themes\\next\\scripts\\tags\\full-image.js","time":"2016-07-29T06:59:25.735Z","v":0}
{"name":"hexo","hostname":"cs","pid":1452,"level":20,"msg":"Loading database.","time":"2016-07-29T06:59:25.746Z","v":0}
{"name":"hexo","hostname":"cs","pid":1452,"level":30,"msg":"Start processing","time":"2016-07-29T06:59:25.754Z","v":0}
{"name":"hexo","hostname":"cs","pid":1452,"level":20,"msg":"Processed: favicon.ico","time":"2016-07-29T06:59:25.811Z","v":0}
{"name":"hexo","hostname":"cs","pid":1452,"level":20,"msg":"Processed: img/github_build.png","time":"2016-07-29T06:59:25.855Z","v":0}
{"name":"hexo","hostname":"cs","pid":1452,"level":20,"msg":"Processed: img/avatar.jpg","time":"2016-07-29T06:59:25.856Z","v":0}
{"name":"hexo","hostname":"cs","pid":1452,"level":20,"msg":"Processed: img/github_created.png","time":"2016-07-29T06:59:25.859Z","v":0}
{"name":"hexo","hostname":"cs","pid":1452,"level":20,"msg":"Processed: source/404.html","time":"2016-07-29T06:59:25.875Z","v":0}
{"name":"hexo","hostname":"cs","pid":1452,"level":20,"msg":"Processed: 404.html","time":"2016-07-29T06:59:25.912Z","v":0}
{"name":"hexo","hostname":"cs","pid":1452,"level":20,"msg":"Theme config loaded.","time":"2016-07-29T06:59:25.927Z","v":0}
{"name":"hexo","hostname":"cs","pid":1452,"level":20,"msg":"Processed: _config.yml","time":"2016-07-29T06:59:25.927Z","v":0}
{"name":"hexo","hostname":"cs","pid":1452,"level":20,"msg":"Processed: source/css/main.styl","time":"2016-07-29T06:59:25.932Z","v":0}
{"name":"hexo","hostname":"cs","pid":1452,"level":20,"msg":"Processed: source/images/avatar.gif","time":"2016-07-29T06:59:25.933Z","v":0}
{"name":"hexo","hostname":"cs","pid":1452,"level":20,"msg":"Processed: source/images/cc-by-nc-nd.svg","time":"2016-07-29T06:59:25.933Z","v":0}
{"name":"hexo","hostname":"cs","pid":1452,"level":20,"msg":"Processed: source/images/cc-by-nc-sa.svg","time":"2016-07-29T06:59:25.933Z","v":0}
{"name":"hexo","hostname":"cs","pid":1452,"level":20,"msg":"Processed: source/images/cc-by-nc.svg","time":"2016-07-29T06:59:25.933Z","v":0}
{"name":"hexo","hostname":"cs","pid":1452,"level":20,"msg":"Processed: source/images/cc-by-nd.svg","time":"2016-07-29T06:59:25.934Z","v":0}
{"name":"hexo","hostname":"cs","pid":1452,"level":20,"msg":"Processed: source/images/cc-by.svg","time":"2016-07-29T06:59:25.934Z","v":0}
{"name":"hexo","hostname":"cs","pid":1452,"level":20,"msg":"Processed: source/images/cc-by-sa.svg","time":"2016-07-29T06:59:25.934Z","v":0}
{"name":"hexo","hostname":"cs","pid":1452,"level":20,"msg":"Processed: source/images/loading.gif","time":"2016-07-29T06:59:25.935Z","v":0}
{"name":"hexo","hostname":"cs","pid":1452,"level":20,"msg":"Processed: source/images/cc-zero.svg","time":"2016-07-29T06:59:25.935Z","v":0}
{"name":"hexo","hostname":"cs","pid":1452,"level":20,"msg":"Processed: source/images/placeholder.gif","time":"2016-07-29T06:59:25.936Z","v":0}
{"name":"hexo","hostname":"cs","pid":1452,"level":20,"msg":"Processed: source/images/quote-l.svg","time":"2016-07-29T06:59:25.936Z","v":0}
{"name":"hexo","hostname":"cs","pid":1452,"level":20,"msg":"Processed: source/images/quote-r.svg","time":"2016-07-29T06:59:25.936Z","v":0}
{"name":"hexo","hostname":"cs","pid":1452,"level":20,"msg":"Processed: source/images/searchicon.png","time":"2016-07-29T06:59:25.937Z","v":0}
{"name":"hexo","hostname":"cs","pid":1452,"level":20,"msg":"Processed: categories/index.md","time":"2016-07-29T06:59:25.984Z","v":0}
{"name":"hexo","hostname":"cs","pid":1452,"level":20,"msg":"Processed: _posts/nodejs-express.md","time":"2016-07-29T06:59:25.990Z","v":0}
{"name":"hexo","hostname":"cs","pid":1452,"level":20,"msg":"Processed: _posts/grunt-install.md","time":"2016-07-29T06:59:25.997Z","v":0}
{"name":"hexo","hostname":"cs","pid":1452,"level":20,"msg":"Processed: _posts/nodejs-install.md","time":"2016-07-29T06:59:25.999Z","v":0}
{"name":"hexo","hostname":"cs","pid":1452,"level":20,"msg":"Processed: _posts/build-first-blog.md","time":"2016-07-29T06:59:26.000Z","v":0}
{"name":"hexo","hostname":"cs","pid":1452,"level":20,"msg":"Processed: _posts/npm-setting.md","time":"2016-07-29T06:59:26.000Z","v":0}
{"name":"hexo","hostname":"cs","pid":1452,"level":20,"msg":"Processed: layout/_layout.swig","time":"2016-07-29T06:59:26.193Z","v":0}
{"name":"hexo","hostname":"cs","pid":1452,"level":20,"msg":"Processed: layout/category.swig","time":"2016-07-29T06:59:26.193Z","v":0}
{"name":"hexo","hostname":"cs","pid":1452,"level":20,"msg":"Processed: layout/archive.swig","time":"2016-07-29T06:59:26.193Z","v":0}
{"name":"hexo","hostname":"cs","pid":1452,"level":20,"msg":"Processed: layout/page.swig","time":"2016-07-29T06:59:26.193Z","v":0}
{"name":"hexo","hostname":"cs","pid":1452,"level":20,"msg":"Processed: layout/index.swig","time":"2016-07-29T06:59:26.193Z","v":0}
{"name":"hexo","hostname":"cs","pid":1452,"level":20,"msg":"Processed: layout/post.swig","time":"2016-07-29T06:59:26.193Z","v":0}
{"name":"hexo","hostname":"cs","pid":1452,"level":20,"msg":"Processed: layout/tag.swig","time":"2016-07-29T06:59:26.193Z","v":0}
{"name":"hexo","hostname":"cs","pid":1452,"level":20,"msg":"Processed: tags/index.md","time":"2016-07-29T06:59:26.199Z","v":0}
{"name":"hexo","hostname":"cs","pid":1452,"level":20,"msg":"Processed: languages/default.yml","time":"2016-07-29T06:59:26.199Z","v":0}
{"name":"hexo","hostname":"cs","pid":1452,"level":20,"msg":"Processed: languages/de.yml","time":"2016-07-29T06:59:26.199Z","v":0}
{"name":"hexo","hostname":"cs","pid":1452,"level":20,"msg":"Processed: languages/en.yml","time":"2016-07-29T06:59:26.199Z","v":0}
{"name":"hexo","hostname":"cs","pid":1452,"level":20,"msg":"Processed: languages/id.yml","time":"2016-07-29T06:59:26.199Z","v":0}
{"name":"hexo","hostname":"cs","pid":1452,"level":20,"msg":"Processed: languages/fr-FR.yml","time":"2016-07-29T06:59:26.200Z","v":0}
{"name":"hexo","hostname":"cs","pid":1452,"level":20,"msg":"Processed: languages/pt-BR.yml","time":"2016-07-29T06:59:26.200Z","v":0}
{"name":"hexo","hostname":"cs","pid":1452,"level":20,"msg":"Processed: languages/ja.yml","time":"2016-07-29T06:59:26.200Z","v":0}
{"name":"hexo","hostname":"cs","pid":1452,"level":20,"msg":"Processed: languages/pt.yml","time":"2016-07-29T06:59:26.200Z","v":0}
{"name":"hexo","hostname":"cs","pid":1452,"level":20,"msg":"Processed: languages/zh-Hans.yml","time":"2016-07-29T06:59:26.200Z","v":0}
{"name":"hexo","hostname":"cs","pid":1452,"level":20,"msg":"Processed: languages/ru.yml","time":"2016-07-29T06:59:26.200Z","v":0}
{"name":"hexo","hostname":"cs","pid":1452,"level":20,"msg":"Processed: languages/zh-hk.yml","time":"2016-07-29T06:59:26.200Z","v":0}
{"name":"hexo","hostname":"cs","pid":1452,"level":20,"msg":"Processed: languages/zh-tw.yml","time":"2016-07-29T06:59:26.200Z","v":0}
{"name":"hexo","hostname":"cs","pid":1452,"level":20,"msg":"Processed: source/js/src/affix.js","time":"2016-07-29T06:59:26.208Z","v":0}
{"name":"hexo","hostname":"cs","pid":1452,"level":20,"msg":"Processed: source/js/src/bootstrap.js","time":"2016-07-29T06:59:26.209Z","v":0}
{"name":"hexo","hostname":"cs","pid":1452,"level":20,"msg":"Processed: source/js/src/hook-duoshuo.js","time":"2016-07-29T06:59:26.209Z","v":0}
{"name":"hexo","hostname":"cs","pid":1452,"level":20,"msg":"Processed: source/js/src/post-details.js","time":"2016-07-29T06:59:26.210Z","v":0}
{"name":"hexo","hostname":"cs","pid":1452,"level":20,"msg":"Processed: source/js/src/motion.js","time":"2016-07-29T06:59:26.211Z","v":0}
{"name":"hexo","hostname":"cs","pid":1452,"level":20,"msg":"Processed: source/js/src/utils.js","time":"2016-07-29T06:59:26.211Z","v":0}
{"name":"hexo","hostname":"cs","pid":1452,"level":20,"msg":"Processed: source/vendors/fastclick/LICENSE","time":"2016-07-29T06:59:26.211Z","v":0}
{"name":"hexo","hostname":"cs","pid":1452,"level":20,"msg":"Processed: source/vendors/fastclick/README.md","time":"2016-07-29T06:59:26.212Z","v":0}
{"name":"hexo","hostname":"cs","pid":1452,"level":20,"msg":"Processed: source/vendors/fastclick/bower.json","time":"2016-07-29T06:59:26.213Z","v":0}
{"name":"hexo","hostname":"cs","pid":1452,"level":20,"msg":"Processed: source/js/src/scrollspy.js","time":"2016-07-29T06:59:26.213Z","v":0}
{"name":"hexo","hostname":"cs","pid":1452,"level":20,"msg":"Processed: source/vendors/font-awesome/HELP-US-OUT.txt","time":"2016-07-29T06:59:26.217Z","v":0}
{"name":"hexo","hostname":"cs","pid":1452,"level":20,"msg":"Processed: source/vendors/font-awesome/bower.json","time":"2016-07-29T06:59:26.217Z","v":0}
{"name":"hexo","hostname":"cs","pid":1452,"level":20,"msg":"Processed: source/vendors/jquery_lazyload/CONTRIBUTING.md","time":"2016-07-29T06:59:26.220Z","v":0}
{"name":"hexo","hostname":"cs","pid":1452,"level":20,"msg":"Processed: source/vendors/jquery_lazyload/README.md","time":"2016-07-29T06:59:26.220Z","v":0}
{"name":"hexo","hostname":"cs","pid":1452,"level":20,"msg":"Processed: source/vendors/jquery_lazyload/bower.json","time":"2016-07-29T06:59:26.221Z","v":0}
{"name":"hexo","hostname":"cs","pid":1452,"level":20,"msg":"Processed: source/vendors/jquery_lazyload/jquery.lazyload.js","time":"2016-07-29T06:59:26.222Z","v":0}
{"name":"hexo","hostname":"cs","pid":1452,"level":20,"msg":"Processed: source/vendors/jquery_lazyload/jquery.scrollstop.js","time":"2016-07-29T06:59:26.224Z","v":0}
{"name":"hexo","hostname":"cs","pid":1452,"level":20,"msg":"Processed: source/vendors/velocity/bower.json","time":"2016-07-29T06:59:26.225Z","v":0}
{"name":"hexo","hostname":"cs","pid":1452,"level":20,"msg":"Processed: source/vendors/velocity/velocity.min.js","time":"2016-07-29T06:59:26.225Z","v":0}
{"name":"hexo","hostname":"cs","pid":1452,"level":20,"msg":"Processed: source/vendors/velocity/velocity.ui.js","time":"2016-07-29T06:59:26.225Z","v":0}
{"name":"hexo","hostname":"cs","pid":1452,"level":20,"msg":"Processed: source/vendors/velocity/velocity.ui.min.js","time":"2016-07-29T06:59:26.225Z","v":0}
{"name":"hexo","hostname":"cs","pid":1452,"level":20,"msg":"Processed: source/vendors/jquery/index.js","time":"2016-07-29T06:59:26.266Z","v":0}
{"name":"hexo","hostname":"cs","pid":1452,"level":20,"msg":"Processed: layout/_macro/post-collapse.swig","time":"2016-07-29T06:59:26.323Z","v":0}
{"name":"hexo","hostname":"cs","pid":1452,"level":20,"msg":"Processed: layout/_macro/reward.swig","time":"2016-07-29T06:59:26.323Z","v":0}
{"name":"hexo","hostname":"cs","pid":1452,"level":20,"msg":"Processed: layout/_macro/post.swig","time":"2016-07-29T06:59:26.323Z","v":0}
{"name":"hexo","hostname":"cs","pid":1452,"level":20,"msg":"Processed: layout/_macro/sidebar.swig","time":"2016-07-29T06:59:26.323Z","v":0}
{"name":"hexo","hostname":"cs","pid":1452,"level":20,"msg":"Processed: layout/_partials/comments.swig","time":"2016-07-29T06:59:26.323Z","v":0}
{"name":"hexo","hostname":"cs","pid":1452,"level":20,"msg":"Processed: layout/_macro/wechat-subscriber.swig","time":"2016-07-29T06:59:26.323Z","v":0}
{"name":"hexo","hostname":"cs","pid":1452,"level":20,"msg":"Processed: layout/_partials/duoshuo-hot-articles.swig","time":"2016-07-29T06:59:26.323Z","v":0}
{"name":"hexo","hostname":"cs","pid":1452,"level":20,"msg":"Processed: layout/_partials/footer.swig","time":"2016-07-29T06:59:26.323Z","v":0}
{"name":"hexo","hostname":"cs","pid":1452,"level":20,"msg":"Processed: layout/_partials/head.swig","time":"2016-07-29T06:59:26.323Z","v":0}
{"name":"hexo","hostname":"cs","pid":1452,"level":20,"msg":"Processed: layout/_partials/header.swig","time":"2016-07-29T06:59:26.324Z","v":0}
{"name":"hexo","hostname":"cs","pid":1452,"level":20,"msg":"Processed: layout/_partials/pagination.swig","time":"2016-07-29T06:59:26.324Z","v":0}
{"name":"hexo","hostname":"cs","pid":1452,"level":20,"msg":"Processed: layout/_partials/search.swig","time":"2016-07-29T06:59:26.324Z","v":0}
{"name":"hexo","hostname":"cs","pid":1452,"level":20,"msg":"Processed: layout/_scripts/boostrap.swig","time":"2016-07-29T06:59:26.324Z","v":0}
{"name":"hexo","hostname":"cs","pid":1452,"level":20,"msg":"Processed: layout/_scripts/commons.swig","time":"2016-07-29T06:59:26.324Z","v":0}
{"name":"hexo","hostname":"cs","pid":1452,"level":20,"msg":"Processed: layout/_scripts/baidu-push.swig","time":"2016-07-29T06:59:26.324Z","v":0}
{"name":"hexo","hostname":"cs","pid":1452,"level":20,"msg":"Processed: layout/_scripts/vendors.swig","time":"2016-07-29T06:59:26.324Z","v":0}
{"name":"hexo","hostname":"cs","pid":1452,"level":20,"msg":"Processed: source/js/src/schemes/pisces.js","time":"2016-07-29T06:59:26.330Z","v":0}
{"name":"hexo","hostname":"cs","pid":1452,"level":20,"msg":"Processed: source/vendors/fastclick/lib/fastclick.js","time":"2016-07-29T06:59:26.330Z","v":0}
{"name":"hexo","hostname":"cs","pid":1452,"level":20,"msg":"Processed: source/vendors/fastclick/lib/fastclick.min.js","time":"2016-07-29T06:59:26.331Z","v":0}
{"name":"hexo","hostname":"cs","pid":1452,"level":20,"msg":"Processed: source/vendors/fancybox/source/fancybox_loading.gif","time":"2016-07-29T06:59:26.331Z","v":0}
{"name":"hexo","hostname":"cs","pid":1452,"level":20,"msg":"Processed: source/vendors/fancybox/source/blank.gif","time":"2016-07-29T06:59:26.332Z","v":0}
{"name":"hexo","hostname":"cs","pid":1452,"level":20,"msg":"Processed: source/vendors/fancybox/source/fancybox_loading@2x.gif","time":"2016-07-29T06:59:26.332Z","v":0}
{"name":"hexo","hostname":"cs","pid":1452,"level":20,"msg":"Processed: source/vendors/fancybox/source/fancybox_overlay.png","time":"2016-07-29T06:59:26.333Z","v":0}
{"name":"hexo","hostname":"cs","pid":1452,"level":20,"msg":"Processed: source/vendors/fancybox/source/fancybox_sprite.png","time":"2016-07-29T06:59:26.333Z","v":0}
{"name":"hexo","hostname":"cs","pid":1452,"level":20,"msg":"Processed: source/vendors/fancybox/source/fancybox_sprite@2x.png","time":"2016-07-29T06:59:26.333Z","v":0}
{"name":"hexo","hostname":"cs","pid":1452,"level":20,"msg":"Processed: source/vendors/fancybox/source/jquery.fancybox.css","time":"2016-07-29T06:59:26.334Z","v":0}
{"name":"hexo","hostname":"cs","pid":1452,"level":20,"msg":"Processed: source/vendors/fancybox/source/jquery.fancybox.pack.js","time":"2016-07-29T06:59:26.334Z","v":0}
{"name":"hexo","hostname":"cs","pid":1452,"level":20,"msg":"Processed: source/vendors/fancybox/source/jquery.fancybox.js","time":"2016-07-29T06:59:26.334Z","v":0}
{"name":"hexo","hostname":"cs","pid":1452,"level":20,"msg":"Processed: source/vendors/font-awesome/css/font-awesome.css","time":"2016-07-29T06:59:26.335Z","v":0}
{"name":"hexo","hostname":"cs","pid":1452,"level":20,"msg":"Processed: source/vendors/font-awesome/css/font-awesome.css.map","time":"2016-07-29T06:59:26.335Z","v":0}
{"name":"hexo","hostname":"cs","pid":1452,"level":20,"msg":"Processed: source/vendors/font-awesome/css/font-awesome.min.css","time":"2016-07-29T06:59:26.336Z","v":0}
{"name":"hexo","hostname":"cs","pid":1452,"level":20,"msg":"Processed: source/vendors/font-awesome/fonts/fontawesome-webfont.woff2","time":"2016-07-29T06:59:26.336Z","v":0}
{"name":"hexo","hostname":"cs","pid":1452,"level":20,"msg":"Processed: source/vendors/ua-parser-js/dist/ua-parser.pack.js","time":"2016-07-29T06:59:26.337Z","v":0}
{"name":"hexo","hostname":"cs","pid":1452,"level":20,"msg":"Processed: source/vendors/ua-parser-js/dist/ua-parser.min.js","time":"2016-07-29T06:59:26.337Z","v":0}
{"name":"hexo","hostname":"cs","pid":1452,"level":20,"msg":"Processed: layout/_scripts/schemes/muse.swig","time":"2016-07-29T06:59:26.341Z","v":0}
{"name":"hexo","hostname":"cs","pid":1452,"level":20,"msg":"Processed: layout/_scripts/schemes/mist.swig","time":"2016-07-29T06:59:26.341Z","v":0}
{"name":"hexo","hostname":"cs","pid":1452,"level":20,"msg":"Processed: source/vendors/font-awesome/fonts/FontAwesome.otf","time":"2016-07-29T06:59:26.343Z","v":0}
{"name":"hexo","hostname":"cs","pid":1452,"level":20,"msg":"Processed: source/vendors/font-awesome/fonts/fontawesome-webfont.eot","time":"2016-07-29T06:59:26.343Z","v":0}
{"name":"hexo","hostname":"cs","pid":1452,"level":20,"msg":"Processed: source/vendors/font-awesome/fonts/fontawesome-webfont.woff","time":"2016-07-29T06:59:26.343Z","v":0}
{"name":"hexo","hostname":"cs","pid":1452,"level":20,"msg":"Processed: source/vendors/velocity/velocity.js","time":"2016-07-29T06:59:26.343Z","v":0}
{"name":"hexo","hostname":"cs","pid":1452,"level":20,"msg":"Processed: layout/_partials/head/external-fonts.swig","time":"2016-07-29T06:59:26.358Z","v":0}
{"name":"hexo","hostname":"cs","pid":1452,"level":20,"msg":"Processed: layout/_partials/search/localsearch.swig","time":"2016-07-29T06:59:26.358Z","v":0}
{"name":"hexo","hostname":"cs","pid":1452,"level":20,"msg":"Processed: layout/_partials/search/swiftype.swig","time":"2016-07-29T06:59:26.359Z","v":0}
{"name":"hexo","hostname":"cs","pid":1452,"level":20,"msg":"Processed: layout/_partials/share/baidushare.swig","time":"2016-07-29T06:59:26.359Z","v":0}
{"name":"hexo","hostname":"cs","pid":1452,"level":20,"msg":"Processed: layout/_partials/search/tinysou.swig","time":"2016-07-29T06:59:26.359Z","v":0}
{"name":"hexo","hostname":"cs","pid":1452,"level":20,"msg":"Processed: layout/_partials/share/add-this.swig","time":"2016-07-29T06:59:26.359Z","v":0}
{"name":"hexo","hostname":"cs","pid":1452,"level":20,"msg":"Processed: layout/_partials/share/duoshuo_share.swig","time":"2016-07-29T06:59:26.359Z","v":0}
{"name":"hexo","hostname":"cs","pid":1452,"level":20,"msg":"Processed: layout/_partials/share/jiathis.swig","time":"2016-07-29T06:59:26.359Z","v":0}
{"name":"hexo","hostname":"cs","pid":1452,"level":20,"msg":"Processed: layout/_scripts/pages/post-details.swig","time":"2016-07-29T06:59:26.359Z","v":0}
{"name":"hexo","hostname":"cs","pid":1452,"level":20,"msg":"Processed: layout/_scripts/schemes/pisces.swig","time":"2016-07-29T06:59:26.359Z","v":0}
{"name":"hexo","hostname":"cs","pid":1452,"level":20,"msg":"Processed: layout/_scripts/third-party/comments.swig","time":"2016-07-29T06:59:26.359Z","v":0}
{"name":"hexo","hostname":"cs","pid":1452,"level":20,"msg":"Processed: layout/_scripts/third-party/analytics.swig","time":"2016-07-29T06:59:26.359Z","v":0}
{"name":"hexo","hostname":"cs","pid":1452,"level":20,"msg":"Processed: layout/_scripts/third-party/lean-analytics.swig","time":"2016-07-29T06:59:26.359Z","v":0}
{"name":"hexo","hostname":"cs","pid":1452,"level":20,"msg":"Processed: layout/_scripts/third-party/localsearch.swig","time":"2016-07-29T06:59:26.359Z","v":0}
{"name":"hexo","hostname":"cs","pid":1452,"level":20,"msg":"Processed: layout/_scripts/third-party/tinysou.swig","time":"2016-07-29T06:59:26.359Z","v":0}
{"name":"hexo","hostname":"cs","pid":1452,"level":20,"msg":"Processed: layout/_scripts/third-party/mathjax.swig","time":"2016-07-29T06:59:26.359Z","v":0}
{"name":"hexo","hostname":"cs","pid":1452,"level":20,"msg":"Processed: source/vendors/fancybox/source/helpers/fancybox_buttons.png","time":"2016-07-29T06:59:26.366Z","v":0}
{"name":"hexo","hostname":"cs","pid":1452,"level":20,"msg":"Processed: source/vendors/fancybox/source/helpers/jquery.fancybox-buttons.css","time":"2016-07-29T06:59:26.366Z","v":0}
{"name":"hexo","hostname":"cs","pid":1452,"level":20,"msg":"Processed: source/vendors/fancybox/source/helpers/jquery.fancybox-buttons.js","time":"2016-07-29T06:59:26.366Z","v":0}
{"name":"hexo","hostname":"cs","pid":1452,"level":20,"msg":"Processed: source/vendors/fancybox/source/helpers/jquery.fancybox-media.js","time":"2016-07-29T06:59:26.367Z","v":0}
{"name":"hexo","hostname":"cs","pid":1452,"level":20,"msg":"Processed: source/vendors/fancybox/source/helpers/jquery.fancybox-thumbs.css","time":"2016-07-29T06:59:26.367Z","v":0}
{"name":"hexo","hostname":"cs","pid":1452,"level":20,"msg":"Processed: source/vendors/fancybox/source/helpers/jquery.fancybox-thumbs.js","time":"2016-07-29T06:59:26.367Z","v":0}
{"name":"hexo","hostname":"cs","pid":1452,"level":20,"msg":"Processed: source/vendors/font-awesome/fonts/fontawesome-webfont.ttf","time":"2016-07-29T06:59:26.368Z","v":0}
{"name":"hexo","hostname":"cs","pid":1452,"level":20,"msg":"Processed: layout/_scripts/third-party/analytics/cnzz-analytics.swig","time":"2016-07-29T06:59:26.382Z","v":0}
{"name":"hexo","hostname":"cs","pid":1452,"level":20,"msg":"Processed: layout/_scripts/third-party/analytics/busuanzi-counter.swig","time":"2016-07-29T06:59:26.382Z","v":0}
{"name":"hexo","hostname":"cs","pid":1452,"level":20,"msg":"Processed: layout/_scripts/third-party/analytics/facebook-sdk.swig","time":"2016-07-29T06:59:26.382Z","v":0}
{"name":"hexo","hostname":"cs","pid":1452,"level":20,"msg":"Processed: layout/_scripts/third-party/analytics/google-analytics.swig","time":"2016-07-29T06:59:26.383Z","v":0}
{"name":"hexo","hostname":"cs","pid":1452,"level":20,"msg":"Processed: layout/_scripts/third-party/analytics/baidu-analytics.swig","time":"2016-07-29T06:59:26.383Z","v":0}
{"name":"hexo","hostname":"cs","pid":1452,"level":20,"msg":"Processed: layout/_scripts/third-party/analytics/tencent-analytics.swig","time":"2016-07-29T06:59:26.383Z","v":0}
{"name":"hexo","hostname":"cs","pid":1452,"level":20,"msg":"Processed: layout/_scripts/third-party/comments/disqus.swig","time":"2016-07-29T06:59:26.383Z","v":0}
{"name":"hexo","hostname":"cs","pid":1452,"level":20,"msg":"Processed: layout/_scripts/third-party/comments/duoshuo.swig","time":"2016-07-29T06:59:26.383Z","v":0}
{"name":"hexo","hostname":"cs","pid":1452,"level":20,"msg":"Processed: source/vendors/font-awesome/fonts/fontawesome-webfont.svg","time":"2016-07-29T06:59:26.384Z","v":0}
{"name":"hexo","hostname":"cs","pid":1452,"level":20,"msg":"Generator: page","time":"2016-07-29T06:59:26.871Z","v":0}
{"name":"hexo","hostname":"cs","pid":1452,"level":20,"msg":"Generator: post","time":"2016-07-29T06:59:26.871Z","v":0}
{"name":"hexo","hostname":"cs","pid":1452,"level":20,"msg":"Generator: archive","time":"2016-07-29T06:59:26.871Z","v":0}
{"name":"hexo","hostname":"cs","pid":1452,"level":20,"msg":"Generator: category","time":"2016-07-29T06:59:26.871Z","v":0}
{"name":"hexo","hostname":"cs","pid":1452,"level":20,"msg":"Generator: feed","time":"2016-07-29T06:59:26.871Z","v":0}
{"name":"hexo","hostname":"cs","pid":1452,"level":20,"msg":"Generator: index","time":"2016-07-29T06:59:26.871Z","v":0}
{"name":"hexo","hostname":"cs","pid":1452,"level":20,"msg":"Generator: sitemap","time":"2016-07-29T06:59:26.871Z","v":0}
{"name":"hexo","hostname":"cs","pid":1452,"level":20,"msg":"Generator: tag","time":"2016-07-29T06:59:26.871Z","v":0}
{"name":"hexo","hostname":"cs","pid":1452,"level":20,"msg":"Generator: asset","time":"2016-07-29T06:59:26.872Z","v":0}
{"name":"hexo","hostname":"cs","pid":1452,"level":30,"msg":"Hexo is running at http://0.0.0.0:4000/. Press Ctrl+C to stop.","time":"2016-07-29T06:59:26.888Z","v":0}
{"name":"hexo","hostname":"cs","pid":1452,"level":20,"msg":"Database saved","time":"2016-07-29T06:59:26.926Z","v":0}
{"name":"hexo","hostname":"cs","pid":1452,"level":20,"msg":"Rendering post: 2015/11/25/build-first-blog/index.html","time":"2016-07-29T06:59:30.388Z","v":0}
{"name":"hexo","hostname":"cs","pid":1452,"level":20,"msg":"Rendering index: index.html","time":"2016-07-29T06:59:36.118Z","v":0}
{"name":"hexo","hostname":"cs","pid":1452,"level":20,"msg":"Rendering post: 2016/03/21/grunt-install/index.html","time":"2016-07-29T06:59:52.524Z","v":0}
{"name":"hexo","hostname":"cs","pid":1452,"level":20,"msg":"Rendering archive: archives/index.html","time":"2016-07-29T07:00:12.242Z","v":0}
{"name":"hexo","hostname":"cs","pid":1452,"level":20,"msg":"Rendering page: tags/index.html","time":"2016-07-29T07:00:20.734Z","v":0}
{"name":"hexo","hostname":"cs","pid":1452,"level":20,"msg":"Rendering index: index.html","time":"2016-07-29T07:00:26.821Z","v":0}
{"name":"hexo","hostname":"cs","pid":1452,"level":20,"msg":"Processed: _posts/nodejs-express.md","time":"2016-07-29T07:03:19.286Z","v":0}
{"name":"hexo","hostname":"cs","pid":1452,"level":20,"msg":"Generator: page","time":"2016-07-29T07:03:19.426Z","v":0}
{"name":"hexo","hostname":"cs","pid":1452,"level":20,"msg":"Generator: post","time":"2016-07-29T07:03:19.426Z","v":0}
{"name":"hexo","hostname":"cs","pid":1452,"level":20,"msg":"Generator: archive","time":"2016-07-29T07:03:19.427Z","v":0}
{"name":"hexo","hostname":"cs","pid":1452,"level":20,"msg":"Generator: category","time":"2016-07-29T07:03:19.427Z","v":0}
{"name":"hexo","hostname":"cs","pid":1452,"level":20,"msg":"Generator: feed","time":"2016-07-29T07:03:19.427Z","v":0}
{"name":"hexo","hostname":"cs","pid":1452,"level":20,"msg":"Generator: index","time":"2016-07-29T07:03:19.427Z","v":0}
{"name":"hexo","hostname":"cs","pid":1452,"level":20,"msg":"Generator: sitemap","time":"2016-07-29T07:03:19.427Z","v":0}
{"name":"hexo","hostname":"cs","pid":1452,"level":20,"msg":"Generator: tag","time":"2016-07-29T07:03:19.427Z","v":0}
{"name":"hexo","hostname":"cs","pid":1452,"level":20,"msg":"Generator: asset","time":"2016-07-29T07:03:19.429Z","v":0}
{"name":"hexo","hostname":"cs","pid":1452,"level":20,"msg":"Rendering index: index.html","time":"2016-07-29T07:03:26.302Z","v":0}
{"name":"hexo","hostname":"cs","pid":6444,"level":20,"msg":"Hexo version: 3.2.2","time":"2016-07-29T07:07:43.904Z","v":0}
{"name":"hexo","hostname":"cs","pid":6444,"level":20,"msg":"Working directory: G:\\GitHub\\hexo-blog\\","time":"2016-07-29T07:07:43.907Z","v":0}
{"name":"hexo","hostname":"cs","pid":6444,"level":20,"msg":"Config loaded: G:\\GitHub\\hexo-blog\\_config.yml","time":"2016-07-29T07:07:44.107Z","v":0}
{"name":"hexo","hostname":"cs","pid":6444,"level":20,"msg":"Script loaded: themes\\next\\scripts\\merge-configs.js","time":"2016-07-29T07:07:44.142Z","v":0}
{"name":"hexo","hostname":"cs","pid":6444,"level":20,"msg":"Script loaded: themes\\next\\scripts\\tags\\center-quote.js","time":"2016-07-29T07:07:44.142Z","v":0}
{"name":"hexo","hostname":"cs","pid":6444,"level":20,"msg":"Script loaded: themes\\next\\scripts\\tags\\full-image.js","time":"2016-07-29T07:07:44.143Z","v":0}
{"name":"hexo","hostname":"cs","pid":6444,"level":20,"msg":"Plugin loaded: hexo-deployer-git","time":"2016-07-29T07:07:44.245Z","v":0}
{"name":"hexo","hostname":"cs","pid":6444,"level":20,"msg":"Script loaded: themes\\next\\scripts\\tags\\group-pictures.js","time":"2016-07-29T07:07:44.249Z","v":0}
{"name":"hexo","hostname":"cs","pid":6444,"level":20,"msg":"Plugin loaded: hexo-deployer-openshift","time":"2016-07-29T07:07:44.337Z","v":0}
{"name":"hexo","hostname":"cs","pid":6444,"level":20,"msg":"Plugin loaded: hexo-deployer-rsync","time":"2016-07-29T07:07:44.339Z","v":0}
{"name":"hexo","hostname":"cs","pid":6444,"level":20,"msg":"Plugin loaded: hexo-deployer-heroku","time":"2016-07-29T07:07:44.404Z","v":0}
{"name":"hexo","hostname":"cs","pid":6444,"level":20,"msg":"Plugin loaded: hexo-generator-archive","time":"2016-07-29T07:07:44.409Z","v":0}
{"name":"hexo","hostname":"cs","pid":6444,"level":20,"msg":"Plugin loaded: hexo-generator-category","time":"2016-07-29T07:07:44.411Z","v":0}
{"name":"hexo","hostname":"cs","pid":6444,"level":20,"msg":"Plugin loaded: hexo-generator-feed","time":"2016-07-29T07:07:44.458Z","v":0}
{"name":"hexo","hostname":"cs","pid":6444,"level":20,"msg":"Plugin loaded: hexo-generator-index","time":"2016-07-29T07:07:44.461Z","v":0}
{"name":"hexo","hostname":"cs","pid":6444,"level":20,"msg":"Plugin loaded: hexo-generator-tag","time":"2016-07-29T07:07:44.464Z","v":0}
{"name":"hexo","hostname":"cs","pid":6444,"level":20,"msg":"Plugin loaded: hexo-generator-sitemap","time":"2016-07-29T07:07:44.466Z","v":0}
{"name":"hexo","hostname":"cs","pid":6444,"level":20,"msg":"Plugin loaded: hexo-migrator-cnblogs","time":"2016-07-29T07:07:44.755Z","v":0}
{"name":"hexo","hostname":"cs","pid":6444,"level":20,"msg":"Plugin loaded: hexo-renderer-ejs","time":"2016-07-29T07:07:44.759Z","v":0}
{"name":"hexo","hostname":"cs","pid":6444,"level":20,"msg":"Plugin loaded: hexo-renderer-stylus","time":"2016-07-29T07:07:44.940Z","v":0}
{"name":"hexo","hostname":"cs","pid":6444,"level":20,"msg":"Plugin loaded: hexo-renderer-marked","time":"2016-07-29T07:07:44.950Z","v":0}
{"name":"hexo","hostname":"cs","pid":6444,"level":20,"msg":"Plugin loaded: hexo-server","time":"2016-07-29T07:07:45.024Z","v":0}
{"name":"hexo","hostname":"cs","pid":6444,"level":20,"msg":"Plugin loaded: hexo-toc","time":"2016-07-29T07:07:45.190Z","v":0}
{"name":"hexo","hostname":"cs","pid":6444,"level":20,"msg":"Plugin loaded: hexo-util","time":"2016-07-29T07:07:45.191Z","v":0}
{"name":"hexo","hostname":"cs","pid":6444,"level":20,"msg":"Loading database.","time":"2016-07-29T07:07:45.201Z","v":0}
{"name":"hexo","hostname":"cs","pid":6444,"level":30,"msg":"Start processing","time":"2016-07-29T07:07:45.210Z","v":0}
{"name":"hexo","hostname":"cs","pid":6444,"level":20,"msg":"Processed: favicon.ico","time":"2016-07-29T07:07:45.268Z","v":0}
{"name":"hexo","hostname":"cs","pid":6444,"level":20,"msg":"Processed: img/avatar.jpg","time":"2016-07-29T07:07:45.313Z","v":0}
{"name":"hexo","hostname":"cs","pid":6444,"level":20,"msg":"Processed: img/github_build.png","time":"2016-07-29T07:07:45.314Z","v":0}
{"name":"hexo","hostname":"cs","pid":6444,"level":20,"msg":"Processed: img/github_created.png","time":"2016-07-29T07:07:45.315Z","v":0}
{"name":"hexo","hostname":"cs","pid":6444,"level":20,"msg":"Processed: source/404.html","time":"2016-07-29T07:07:45.326Z","v":0}
{"name":"hexo","hostname":"cs","pid":6444,"level":20,"msg":"Processed: 404.html","time":"2016-07-29T07:07:45.361Z","v":0}
{"name":"hexo","hostname":"cs","pid":6444,"level":20,"msg":"Theme config loaded.","time":"2016-07-29T07:07:45.380Z","v":0}
{"name":"hexo","hostname":"cs","pid":6444,"level":20,"msg":"Processed: _config.yml","time":"2016-07-29T07:07:45.381Z","v":0}
{"name":"hexo","hostname":"cs","pid":6444,"level":20,"msg":"Processed: source/css/main.styl","time":"2016-07-29T07:07:45.386Z","v":0}
{"name":"hexo","hostname":"cs","pid":6444,"level":20,"msg":"Processed: source/images/avatar.gif","time":"2016-07-29T07:07:45.387Z","v":0}
{"name":"hexo","hostname":"cs","pid":6444,"level":20,"msg":"Processed: source/images/cc-by-nc-nd.svg","time":"2016-07-29T07:07:45.388Z","v":0}
{"name":"hexo","hostname":"cs","pid":6444,"level":20,"msg":"Processed: source/images/cc-by-nc-sa.svg","time":"2016-07-29T07:07:45.389Z","v":0}
{"name":"hexo","hostname":"cs","pid":6444,"level":20,"msg":"Processed: source/images/cc-by-sa.svg","time":"2016-07-29T07:07:45.390Z","v":0}
{"name":"hexo","hostname":"cs","pid":6444,"level":20,"msg":"Processed: source/images/cc-by-nc.svg","time":"2016-07-29T07:07:45.390Z","v":0}
{"name":"hexo","hostname":"cs","pid":6444,"level":20,"msg":"Processed: source/images/cc-by-nd.svg","time":"2016-07-29T07:07:45.391Z","v":0}
{"name":"hexo","hostname":"cs","pid":6444,"level":20,"msg":"Processed: source/images/cc-by.svg","time":"2016-07-29T07:07:45.391Z","v":0}
{"name":"hexo","hostname":"cs","pid":6444,"level":20,"msg":"Processed: source/images/cc-zero.svg","time":"2016-07-29T07:07:45.392Z","v":0}
{"name":"hexo","hostname":"cs","pid":6444,"level":20,"msg":"Processed: source/images/loading.gif","time":"2016-07-29T07:07:45.392Z","v":0}
{"name":"hexo","hostname":"cs","pid":6444,"level":20,"msg":"Processed: source/images/placeholder.gif","time":"2016-07-29T07:07:45.392Z","v":0}
{"name":"hexo","hostname":"cs","pid":6444,"level":20,"msg":"Processed: source/images/quote-l.svg","time":"2016-07-29T07:07:45.393Z","v":0}
{"name":"hexo","hostname":"cs","pid":6444,"level":20,"msg":"Processed: source/images/quote-r.svg","time":"2016-07-29T07:07:45.393Z","v":0}
{"name":"hexo","hostname":"cs","pid":6444,"level":20,"msg":"Processed: source/images/searchicon.png","time":"2016-07-29T07:07:45.393Z","v":0}
{"name":"hexo","hostname":"cs","pid":6444,"level":20,"msg":"Processed: _posts/build-first-blog.md","time":"2016-07-29T07:07:45.445Z","v":0}
{"name":"hexo","hostname":"cs","pid":6444,"level":20,"msg":"Processed: _posts/grunt-install.md","time":"2016-07-29T07:07:45.448Z","v":0}
{"name":"hexo","hostname":"cs","pid":6444,"level":20,"msg":"Processed: _posts/nodejs-install.md","time":"2016-07-29T07:07:45.449Z","v":0}
{"name":"hexo","hostname":"cs","pid":6444,"level":20,"msg":"Processed: _posts/npm-setting.md","time":"2016-07-29T07:07:45.449Z","v":0}
{"name":"hexo","hostname":"cs","pid":6444,"level":20,"msg":"Processed: layout/_layout.swig","time":"2016-07-29T07:07:45.634Z","v":0}
{"name":"hexo","hostname":"cs","pid":6444,"level":20,"msg":"Processed: layout/archive.swig","time":"2016-07-29T07:07:45.634Z","v":0}
{"name":"hexo","hostname":"cs","pid":6444,"level":20,"msg":"Processed: layout/index.swig","time":"2016-07-29T07:07:45.634Z","v":0}
{"name":"hexo","hostname":"cs","pid":6444,"level":20,"msg":"Processed: layout/category.swig","time":"2016-07-29T07:07:45.634Z","v":0}
{"name":"hexo","hostname":"cs","pid":6444,"level":20,"msg":"Processed: layout/page.swig","time":"2016-07-29T07:07:45.634Z","v":0}
{"name":"hexo","hostname":"cs","pid":6444,"level":20,"msg":"Processed: layout/post.swig","time":"2016-07-29T07:07:45.634Z","v":0}
{"name":"hexo","hostname":"cs","pid":6444,"level":20,"msg":"Processed: layout/tag.swig","time":"2016-07-29T07:07:45.634Z","v":0}
{"name":"hexo","hostname":"cs","pid":6444,"level":20,"msg":"Processed: categories/index.md","time":"2016-07-29T07:07:45.644Z","v":0}
{"name":"hexo","hostname":"cs","pid":6444,"level":20,"msg":"Processed: languages/en.yml","time":"2016-07-29T07:07:45.644Z","v":0}
{"name":"hexo","hostname":"cs","pid":6444,"level":20,"msg":"Processed: languages/default.yml","time":"2016-07-29T07:07:45.644Z","v":0}
{"name":"hexo","hostname":"cs","pid":6444,"level":20,"msg":"Processed: languages/de.yml","time":"2016-07-29T07:07:45.644Z","v":0}
{"name":"hexo","hostname":"cs","pid":6444,"level":20,"msg":"Processed: languages/fr-FR.yml","time":"2016-07-29T07:07:45.644Z","v":0}
{"name":"hexo","hostname":"cs","pid":6444,"level":20,"msg":"Processed: languages/id.yml","time":"2016-07-29T07:07:45.644Z","v":0}
{"name":"hexo","hostname":"cs","pid":6444,"level":20,"msg":"Processed: languages/ja.yml","time":"2016-07-29T07:07:45.644Z","v":0}
{"name":"hexo","hostname":"cs","pid":6444,"level":20,"msg":"Processed: languages/pt-BR.yml","time":"2016-07-29T07:07:45.644Z","v":0}
{"name":"hexo","hostname":"cs","pid":6444,"level":20,"msg":"Processed: languages/pt.yml","time":"2016-07-29T07:07:45.644Z","v":0}
{"name":"hexo","hostname":"cs","pid":6444,"level":20,"msg":"Processed: languages/zh-Hans.yml","time":"2016-07-29T07:07:45.644Z","v":0}
{"name":"hexo","hostname":"cs","pid":6444,"level":20,"msg":"Processed: languages/ru.yml","time":"2016-07-29T07:07:45.645Z","v":0}
{"name":"hexo","hostname":"cs","pid":6444,"level":20,"msg":"Processed: languages/zh-hk.yml","time":"2016-07-29T07:07:45.645Z","v":0}
{"name":"hexo","hostname":"cs","pid":6444,"level":20,"msg":"Processed: languages/zh-tw.yml","time":"2016-07-29T07:07:45.645Z","v":0}
{"name":"hexo","hostname":"cs","pid":6444,"level":20,"msg":"Processed: tags/index.md","time":"2016-07-29T07:07:45.647Z","v":0}
{"name":"hexo","hostname":"cs","pid":6444,"level":20,"msg":"Processed: source/js/src/affix.js","time":"2016-07-29T07:07:45.657Z","v":0}
{"name":"hexo","hostname":"cs","pid":6444,"level":20,"msg":"Processed: source/js/src/bootstrap.js","time":"2016-07-29T07:07:45.659Z","v":0}
{"name":"hexo","hostname":"cs","pid":6444,"level":20,"msg":"Processed: source/js/src/hook-duoshuo.js","time":"2016-07-29T07:07:45.660Z","v":0}
{"name":"hexo","hostname":"cs","pid":6444,"level":20,"msg":"Processed: source/js/src/motion.js","time":"2016-07-29T07:07:45.660Z","v":0}
{"name":"hexo","hostname":"cs","pid":6444,"level":20,"msg":"Processed: source/js/src/post-details.js","time":"2016-07-29T07:07:45.660Z","v":0}
{"name":"hexo","hostname":"cs","pid":6444,"level":20,"msg":"Processed: source/js/src/scrollspy.js","time":"2016-07-29T07:07:45.660Z","v":0}
{"name":"hexo","hostname":"cs","pid":6444,"level":20,"msg":"Processed: source/js/src/utils.js","time":"2016-07-29T07:07:45.661Z","v":0}
{"name":"hexo","hostname":"cs","pid":6444,"level":20,"msg":"Processed: source/vendors/fastclick/LICENSE","time":"2016-07-29T07:07:45.661Z","v":0}
{"name":"hexo","hostname":"cs","pid":6444,"level":20,"msg":"Processed: source/vendors/fastclick/README.md","time":"2016-07-29T07:07:45.661Z","v":0}
{"name":"hexo","hostname":"cs","pid":6444,"level":20,"msg":"Processed: source/vendors/fastclick/bower.json","time":"2016-07-29T07:07:45.662Z","v":0}
{"name":"hexo","hostname":"cs","pid":6444,"level":20,"msg":"Processed: source/vendors/font-awesome/HELP-US-OUT.txt","time":"2016-07-29T07:07:45.664Z","v":0}
{"name":"hexo","hostname":"cs","pid":6444,"level":20,"msg":"Processed: source/vendors/font-awesome/bower.json","time":"2016-07-29T07:07:45.665Z","v":0}
{"name":"hexo","hostname":"cs","pid":6444,"level":20,"msg":"Processed: source/vendors/jquery_lazyload/CONTRIBUTING.md","time":"2016-07-29T07:07:45.665Z","v":0}
{"name":"hexo","hostname":"cs","pid":6444,"level":20,"msg":"Processed: source/vendors/jquery_lazyload/README.md","time":"2016-07-29T07:07:45.666Z","v":0}
{"name":"hexo","hostname":"cs","pid":6444,"level":20,"msg":"Processed: source/vendors/jquery_lazyload/bower.json","time":"2016-07-29T07:07:45.673Z","v":0}
{"name":"hexo","hostname":"cs","pid":6444,"level":20,"msg":"Processed: source/vendors/jquery_lazyload/jquery.lazyload.js","time":"2016-07-29T07:07:45.674Z","v":0}
{"name":"hexo","hostname":"cs","pid":6444,"level":20,"msg":"Processed: source/vendors/jquery_lazyload/jquery.scrollstop.js","time":"2016-07-29T07:07:45.675Z","v":0}
{"name":"hexo","hostname":"cs","pid":6444,"level":20,"msg":"Processed: source/vendors/velocity/bower.json","time":"2016-07-29T07:07:45.682Z","v":0}
{"name":"hexo","hostname":"cs","pid":6444,"level":20,"msg":"Processed: source/vendors/velocity/velocity.min.js","time":"2016-07-29T07:07:45.683Z","v":0}
{"name":"hexo","hostname":"cs","pid":6444,"level":20,"msg":"Processed: source/vendors/velocity/velocity.ui.js","time":"2016-07-29T07:07:45.683Z","v":0}
{"name":"hexo","hostname":"cs","pid":6444,"level":20,"msg":"Processed: source/vendors/velocity/velocity.ui.min.js","time":"2016-07-29T07:07:45.684Z","v":0}
{"name":"hexo","hostname":"cs","pid":6444,"level":20,"msg":"Processed: source/vendors/jquery/index.js","time":"2016-07-29T07:07:45.723Z","v":0}
{"name":"hexo","hostname":"cs","pid":6444,"level":20,"msg":"Processed: layout/_macro/post-collapse.swig","time":"2016-07-29T07:07:45.768Z","v":0}
{"name":"hexo","hostname":"cs","pid":6444,"level":20,"msg":"Processed: layout/_macro/reward.swig","time":"2016-07-29T07:07:45.768Z","v":0}
{"name":"hexo","hostname":"cs","pid":6444,"level":20,"msg":"Processed: layout/_macro/sidebar.swig","time":"2016-07-29T07:07:45.768Z","v":0}
{"name":"hexo","hostname":"cs","pid":6444,"level":20,"msg":"Processed: layout/_macro/post.swig","time":"2016-07-29T07:07:45.768Z","v":0}
{"name":"hexo","hostname":"cs","pid":6444,"level":20,"msg":"Processed: layout/_macro/wechat-subscriber.swig","time":"2016-07-29T07:07:45.769Z","v":0}
{"name":"hexo","hostname":"cs","pid":6444,"level":20,"msg":"Processed: layout/_partials/comments.swig","time":"2016-07-29T07:07:45.779Z","v":0}
{"name":"hexo","hostname":"cs","pid":6444,"level":20,"msg":"Processed: layout/_partials/duoshuo-hot-articles.swig","time":"2016-07-29T07:07:45.779Z","v":0}
{"name":"hexo","hostname":"cs","pid":6444,"level":20,"msg":"Processed: layout/_partials/footer.swig","time":"2016-07-29T07:07:45.779Z","v":0}
{"name":"hexo","hostname":"cs","pid":6444,"level":20,"msg":"Processed: layout/_partials/head.swig","time":"2016-07-29T07:07:45.779Z","v":0}
{"name":"hexo","hostname":"cs","pid":6444,"level":20,"msg":"Processed: layout/_partials/header.swig","time":"2016-07-29T07:07:45.779Z","v":0}
{"name":"hexo","hostname":"cs","pid":6444,"level":20,"msg":"Processed: layout/_partials/pagination.swig","time":"2016-07-29T07:07:45.780Z","v":0}
{"name":"hexo","hostname":"cs","pid":6444,"level":20,"msg":"Processed: layout/_partials/search.swig","time":"2016-07-29T07:07:45.780Z","v":0}
{"name":"hexo","hostname":"cs","pid":6444,"level":20,"msg":"Processed: layout/_scripts/baidu-push.swig","time":"2016-07-29T07:07:45.780Z","v":0}
{"name":"hexo","hostname":"cs","pid":6444,"level":20,"msg":"Processed: layout/_scripts/boostrap.swig","time":"2016-07-29T07:07:45.780Z","v":0}
{"name":"hexo","hostname":"cs","pid":6444,"level":20,"msg":"Processed: layout/_scripts/commons.swig","time":"2016-07-29T07:07:45.780Z","v":0}
{"name":"hexo","hostname":"cs","pid":6444,"level":20,"msg":"Processed: layout/_scripts/vendors.swig","time":"2016-07-29T07:07:45.780Z","v":0}
{"name":"hexo","hostname":"cs","pid":6444,"level":20,"msg":"Processed: source/js/src/schemes/pisces.js","time":"2016-07-29T07:07:45.787Z","v":0}
{"name":"hexo","hostname":"cs","pid":6444,"level":20,"msg":"Processed: source/vendors/fancybox/source/blank.gif","time":"2016-07-29T07:07:45.787Z","v":0}
{"name":"hexo","hostname":"cs","pid":6444,"level":20,"msg":"Processed: source/vendors/fancybox/source/fancybox_loading.gif","time":"2016-07-29T07:07:45.787Z","v":0}
{"name":"hexo","hostname":"cs","pid":6444,"level":20,"msg":"Processed: source/vendors/fancybox/source/fancybox_loading@2x.gif","time":"2016-07-29T07:07:45.787Z","v":0}
{"name":"hexo","hostname":"cs","pid":6444,"level":20,"msg":"Processed: source/vendors/fancybox/source/fancybox_overlay.png","time":"2016-07-29T07:07:45.788Z","v":0}
{"name":"hexo","hostname":"cs","pid":6444,"level":20,"msg":"Processed: source/vendors/fancybox/source/fancybox_sprite@2x.png","time":"2016-07-29T07:07:45.789Z","v":0}
{"name":"hexo","hostname":"cs","pid":6444,"level":20,"msg":"Processed: source/vendors/fancybox/source/fancybox_sprite.png","time":"2016-07-29T07:07:45.789Z","v":0}
{"name":"hexo","hostname":"cs","pid":6444,"level":20,"msg":"Processed: source/vendors/fancybox/source/jquery.fancybox.css","time":"2016-07-29T07:07:45.791Z","v":0}
{"name":"hexo","hostname":"cs","pid":6444,"level":20,"msg":"Processed: source/vendors/fancybox/source/jquery.fancybox.pack.js","time":"2016-07-29T07:07:45.792Z","v":0}
{"name":"hexo","hostname":"cs","pid":6444,"level":20,"msg":"Processed: source/vendors/fancybox/source/jquery.fancybox.js","time":"2016-07-29T07:07:45.792Z","v":0}
{"name":"hexo","hostname":"cs","pid":6444,"level":20,"msg":"Processed: source/vendors/fastclick/lib/fastclick.js","time":"2016-07-29T07:07:45.792Z","v":0}
{"name":"hexo","hostname":"cs","pid":6444,"level":20,"msg":"Processed: source/vendors/fastclick/lib/fastclick.min.js","time":"2016-07-29T07:07:45.792Z","v":0}
{"name":"hexo","hostname":"cs","pid":6444,"level":20,"msg":"Processed: source/vendors/font-awesome/css/font-awesome.css","time":"2016-07-29T07:07:45.793Z","v":0}
{"name":"hexo","hostname":"cs","pid":6444,"level":20,"msg":"Processed: source/vendors/font-awesome/css/font-awesome.css.map","time":"2016-07-29T07:07:45.793Z","v":0}
{"name":"hexo","hostname":"cs","pid":6444,"level":20,"msg":"Processed: source/vendors/font-awesome/css/font-awesome.min.css","time":"2016-07-29T07:07:45.793Z","v":0}
{"name":"hexo","hostname":"cs","pid":6444,"level":20,"msg":"Processed: source/vendors/font-awesome/fonts/fontawesome-webfont.woff2","time":"2016-07-29T07:07:45.793Z","v":0}
{"name":"hexo","hostname":"cs","pid":6444,"level":20,"msg":"Processed: source/vendors/ua-parser-js/dist/ua-parser.min.js","time":"2016-07-29T07:07:45.793Z","v":0}
{"name":"hexo","hostname":"cs","pid":6444,"level":20,"msg":"Processed: source/vendors/ua-parser-js/dist/ua-parser.pack.js","time":"2016-07-29T07:07:45.794Z","v":0}
{"name":"hexo","hostname":"cs","pid":6444,"level":20,"msg":"Processed: layout/_scripts/schemes/mist.swig","time":"2016-07-29T07:07:45.799Z","v":0}
{"name":"hexo","hostname":"cs","pid":6444,"level":20,"msg":"Processed: layout/_scripts/schemes/muse.swig","time":"2016-07-29T07:07:45.799Z","v":0}
{"name":"hexo","hostname":"cs","pid":6444,"level":20,"msg":"Processed: source/vendors/font-awesome/fonts/FontAwesome.otf","time":"2016-07-29T07:07:45.800Z","v":0}
{"name":"hexo","hostname":"cs","pid":6444,"level":20,"msg":"Processed: source/vendors/font-awesome/fonts/fontawesome-webfont.eot","time":"2016-07-29T07:07:45.801Z","v":0}
{"name":"hexo","hostname":"cs","pid":6444,"level":20,"msg":"Processed: source/vendors/font-awesome/fonts/fontawesome-webfont.woff","time":"2016-07-29T07:07:45.801Z","v":0}
{"name":"hexo","hostname":"cs","pid":6444,"level":20,"msg":"Processed: source/vendors/velocity/velocity.js","time":"2016-07-29T07:07:45.802Z","v":0}
{"name":"hexo","hostname":"cs","pid":6444,"level":20,"msg":"Processed: layout/_partials/head/external-fonts.swig","time":"2016-07-29T07:07:45.816Z","v":0}
{"name":"hexo","hostname":"cs","pid":6444,"level":20,"msg":"Processed: layout/_partials/search/swiftype.swig","time":"2016-07-29T07:07:45.817Z","v":0}
{"name":"hexo","hostname":"cs","pid":6444,"level":20,"msg":"Processed: layout/_partials/share/baidushare.swig","time":"2016-07-29T07:07:45.817Z","v":0}
{"name":"hexo","hostname":"cs","pid":6444,"level":20,"msg":"Processed: layout/_partials/search/localsearch.swig","time":"2016-07-29T07:07:45.817Z","v":0}
{"name":"hexo","hostname":"cs","pid":6444,"level":20,"msg":"Processed: layout/_partials/search/tinysou.swig","time":"2016-07-29T07:07:45.817Z","v":0}
{"name":"hexo","hostname":"cs","pid":6444,"level":20,"msg":"Processed: layout/_partials/share/add-this.swig","time":"2016-07-29T07:07:45.817Z","v":0}
{"name":"hexo","hostname":"cs","pid":6444,"level":20,"msg":"Processed: layout/_partials/share/jiathis.swig","time":"2016-07-29T07:07:45.817Z","v":0}
{"name":"hexo","hostname":"cs","pid":6444,"level":20,"msg":"Processed: layout/_partials/share/duoshuo_share.swig","time":"2016-07-29T07:07:45.817Z","v":0}
{"name":"hexo","hostname":"cs","pid":6444,"level":20,"msg":"Processed: layout/_scripts/schemes/pisces.swig","time":"2016-07-29T07:07:45.817Z","v":0}
{"name":"hexo","hostname":"cs","pid":6444,"level":20,"msg":"Processed: layout/_scripts/pages/post-details.swig","time":"2016-07-29T07:07:45.817Z","v":0}
{"name":"hexo","hostname":"cs","pid":6444,"level":20,"msg":"Processed: layout/_scripts/third-party/comments.swig","time":"2016-07-29T07:07:45.817Z","v":0}
{"name":"hexo","hostname":"cs","pid":6444,"level":20,"msg":"Processed: layout/_scripts/third-party/analytics.swig","time":"2016-07-29T07:07:45.817Z","v":0}
{"name":"hexo","hostname":"cs","pid":6444,"level":20,"msg":"Processed: layout/_scripts/third-party/lean-analytics.swig","time":"2016-07-29T07:07:45.817Z","v":0}
{"name":"hexo","hostname":"cs","pid":6444,"level":20,"msg":"Processed: layout/_scripts/third-party/localsearch.swig","time":"2016-07-29T07:07:45.817Z","v":0}
{"name":"hexo","hostname":"cs","pid":6444,"level":20,"msg":"Processed: layout/_scripts/third-party/tinysou.swig","time":"2016-07-29T07:07:45.818Z","v":0}
{"name":"hexo","hostname":"cs","pid":6444,"level":20,"msg":"Processed: layout/_scripts/third-party/mathjax.swig","time":"2016-07-29T07:07:45.818Z","v":0}
{"name":"hexo","hostname":"cs","pid":6444,"level":20,"msg":"Processed: source/vendors/fancybox/source/helpers/fancybox_buttons.png","time":"2016-07-29T07:07:45.824Z","v":0}
{"name":"hexo","hostname":"cs","pid":6444,"level":20,"msg":"Processed: source/vendors/fancybox/source/helpers/jquery.fancybox-buttons.css","time":"2016-07-29T07:07:45.825Z","v":0}
{"name":"hexo","hostname":"cs","pid":6444,"level":20,"msg":"Processed: source/vendors/fancybox/source/helpers/jquery.fancybox-buttons.js","time":"2016-07-29T07:07:45.825Z","v":0}
{"name":"hexo","hostname":"cs","pid":6444,"level":20,"msg":"Processed: source/vendors/fancybox/source/helpers/jquery.fancybox-media.js","time":"2016-07-29T07:07:45.826Z","v":0}
{"name":"hexo","hostname":"cs","pid":6444,"level":20,"msg":"Processed: source/vendors/fancybox/source/helpers/jquery.fancybox-thumbs.css","time":"2016-07-29T07:07:45.826Z","v":0}
{"name":"hexo","hostname":"cs","pid":6444,"level":20,"msg":"Processed: source/vendors/fancybox/source/helpers/jquery.fancybox-thumbs.js","time":"2016-07-29T07:07:45.827Z","v":0}
{"name":"hexo","hostname":"cs","pid":6444,"level":20,"msg":"Processed: source/vendors/font-awesome/fonts/fontawesome-webfont.ttf","time":"2016-07-29T07:07:45.827Z","v":0}
{"name":"hexo","hostname":"cs","pid":6444,"level":20,"msg":"Processed: layout/_scripts/third-party/analytics/cnzz-analytics.swig","time":"2016-07-29T07:07:45.844Z","v":0}
{"name":"hexo","hostname":"cs","pid":6444,"level":20,"msg":"Processed: layout/_scripts/third-party/analytics/facebook-sdk.swig","time":"2016-07-29T07:07:45.844Z","v":0}
{"name":"hexo","hostname":"cs","pid":6444,"level":20,"msg":"Processed: layout/_scripts/third-party/analytics/busuanzi-counter.swig","time":"2016-07-29T07:07:45.844Z","v":0}
{"name":"hexo","hostname":"cs","pid":6444,"level":20,"msg":"Processed: layout/_scripts/third-party/analytics/google-analytics.swig","time":"2016-07-29T07:07:45.844Z","v":0}
{"name":"hexo","hostname":"cs","pid":6444,"level":20,"msg":"Processed: layout/_scripts/third-party/analytics/baidu-analytics.swig","time":"2016-07-29T07:07:45.844Z","v":0}
{"name":"hexo","hostname":"cs","pid":6444,"level":20,"msg":"Processed: layout/_scripts/third-party/analytics/tencent-analytics.swig","time":"2016-07-29T07:07:45.844Z","v":0}
{"name":"hexo","hostname":"cs","pid":6444,"level":20,"msg":"Processed: layout/_scripts/third-party/comments/duoshuo.swig","time":"2016-07-29T07:07:45.844Z","v":0}
{"name":"hexo","hostname":"cs","pid":6444,"level":20,"msg":"Processed: layout/_scripts/third-party/comments/disqus.swig","time":"2016-07-29T07:07:45.844Z","v":0}
{"name":"hexo","hostname":"cs","pid":6444,"level":20,"msg":"Processed: source/vendors/font-awesome/fonts/fontawesome-webfont.svg","time":"2016-07-29T07:07:45.846Z","v":0}
{"name":"hexo","hostname":"cs","pid":6444,"level":20,"msg":"Generator: page","time":"2016-07-29T07:07:46.334Z","v":0}
{"name":"hexo","hostname":"cs","pid":6444,"level":20,"msg":"Generator: post","time":"2016-07-29T07:07:46.334Z","v":0}
{"name":"hexo","hostname":"cs","pid":6444,"level":20,"msg":"Generator: archive","time":"2016-07-29T07:07:46.335Z","v":0}
{"name":"hexo","hostname":"cs","pid":6444,"level":20,"msg":"Generator: category","time":"2016-07-29T07:07:46.335Z","v":0}
{"name":"hexo","hostname":"cs","pid":6444,"level":20,"msg":"Generator: feed","time":"2016-07-29T07:07:46.335Z","v":0}
{"name":"hexo","hostname":"cs","pid":6444,"level":20,"msg":"Generator: index","time":"2016-07-29T07:07:46.335Z","v":0}
{"name":"hexo","hostname":"cs","pid":6444,"level":20,"msg":"Generator: tag","time":"2016-07-29T07:07:46.335Z","v":0}
{"name":"hexo","hostname":"cs","pid":6444,"level":20,"msg":"Generator: sitemap","time":"2016-07-29T07:07:46.335Z","v":0}
{"name":"hexo","hostname":"cs","pid":6444,"level":20,"msg":"Generator: asset","time":"2016-07-29T07:07:46.337Z","v":0}
{"name":"hexo","hostname":"cs","pid":6444,"level":30,"msg":"Hexo is running at http://0.0.0.0:4000/. Press Ctrl+C to stop.","time":"2016-07-29T07:07:46.351Z","v":0}
{"name":"hexo","hostname":"cs","pid":6444,"level":20,"msg":"Database saved","time":"2016-07-29T07:07:46.381Z","v":0}
{"name":"hexo","hostname":"cs","pid":6444,"level":20,"msg":"Rendering post: 2016/03/21/grunt-install/index.html","time":"2016-07-29T07:07:50.370Z","v":0}
{"name":"hexo","hostname":"cs","pid":6444,"level":20,"msg":"Processed: layout/_layout.swig","time":"2016-07-29T07:08:59.826Z","v":0}
{"name":"hexo","hostname":"cs","pid":6444,"level":20,"msg":"Generator: page","time":"2016-07-29T07:08:59.975Z","v":0}
{"name":"hexo","hostname":"cs","pid":6444,"level":20,"msg":"Generator: post","time":"2016-07-29T07:08:59.976Z","v":0}
{"name":"hexo","hostname":"cs","pid":6444,"level":20,"msg":"Generator: archive","time":"2016-07-29T07:08:59.976Z","v":0}
{"name":"hexo","hostname":"cs","pid":6444,"level":20,"msg":"Generator: category","time":"2016-07-29T07:08:59.976Z","v":0}
{"name":"hexo","hostname":"cs","pid":6444,"level":20,"msg":"Generator: feed","time":"2016-07-29T07:08:59.976Z","v":0}
{"name":"hexo","hostname":"cs","pid":6444,"level":20,"msg":"Generator: index","time":"2016-07-29T07:08:59.976Z","v":0}
{"name":"hexo","hostname":"cs","pid":6444,"level":20,"msg":"Generator: tag","time":"2016-07-29T07:08:59.976Z","v":0}
{"name":"hexo","hostname":"cs","pid":6444,"level":20,"msg":"Generator: sitemap","time":"2016-07-29T07:08:59.977Z","v":0}
{"name":"hexo","hostname":"cs","pid":6444,"level":20,"msg":"Generator: asset","time":"2016-07-29T07:08:59.983Z","v":0}
{"name":"hexo","hostname":"cs","pid":6444,"level":20,"msg":"Processed: layout/_layout.swig","time":"2016-07-29T07:09:09.089Z","v":0}
{"name":"hexo","hostname":"cs","pid":6444,"level":20,"msg":"Generator: page","time":"2016-07-29T07:09:09.265Z","v":0}
{"name":"hexo","hostname":"cs","pid":6444,"level":20,"msg":"Generator: post","time":"2016-07-29T07:09:09.265Z","v":0}
{"name":"hexo","hostname":"cs","pid":6444,"level":20,"msg":"Generator: archive","time":"2016-07-29T07:09:09.267Z","v":0}
{"name":"hexo","hostname":"cs","pid":6444,"level":20,"msg":"Generator: category","time":"2016-07-29T07:09:09.268Z","v":0}
{"name":"hexo","hostname":"cs","pid":6444,"level":20,"msg":"Generator: feed","time":"2016-07-29T07:09:09.268Z","v":0}
{"name":"hexo","hostname":"cs","pid":6444,"level":20,"msg":"Generator: index","time":"2016-07-29T07:09:09.268Z","v":0}
{"name":"hexo","hostname":"cs","pid":6444,"level":20,"msg":"Generator: tag","time":"2016-07-29T07:09:09.270Z","v":0}
{"name":"hexo","hostname":"cs","pid":6444,"level":20,"msg":"Generator: sitemap","time":"2016-07-29T07:09:09.270Z","v":0}
{"name":"hexo","hostname":"cs","pid":6444,"level":20,"msg":"Generator: asset","time":"2016-07-29T07:09:09.275Z","v":0}
{"name":"hexo","hostname":"cs","pid":6444,"level":20,"msg":"Processed: layout/_layout.swig","time":"2016-07-29T07:09:15.771Z","v":0}
{"name":"hexo","hostname":"cs","pid":6444,"level":20,"msg":"Generator: page","time":"2016-07-29T07:09:15.948Z","v":0}
{"name":"hexo","hostname":"cs","pid":6444,"level":20,"msg":"Generator: post","time":"2016-07-29T07:09:15.948Z","v":0}
{"name":"hexo","hostname":"cs","pid":6444,"level":20,"msg":"Generator: archive","time":"2016-07-29T07:09:15.948Z","v":0}
{"name":"hexo","hostname":"cs","pid":6444,"level":20,"msg":"Generator: category","time":"2016-07-29T07:09:15.948Z","v":0}
{"name":"hexo","hostname":"cs","pid":6444,"level":20,"msg":"Generator: feed","time":"2016-07-29T07:09:15.948Z","v":0}
{"name":"hexo","hostname":"cs","pid":6444,"level":20,"msg":"Generator: index","time":"2016-07-29T07:09:15.948Z","v":0}
{"name":"hexo","hostname":"cs","pid":6444,"level":20,"msg":"Generator: tag","time":"2016-07-29T07:09:15.949Z","v":0}
{"name":"hexo","hostname":"cs","pid":6444,"level":20,"msg":"Generator: sitemap","time":"2016-07-29T07:09:15.949Z","v":0}
{"name":"hexo","hostname":"cs","pid":6444,"level":20,"msg":"Generator: asset","time":"2016-07-29T07:09:15.951Z","v":0}
{"name":"hexo","hostname":"cs","pid":6444,"level":20,"msg":"Rendering post: 2016/03/21/grunt-install/index.html","time":"2016-07-29T07:09:21.268Z","v":0}
{"name":"hexo","hostname":"cs","pid":7324,"level":20,"msg":"Hexo version: 3.2.2","time":"2016-07-29T07:09:42.024Z","v":0}
{"name":"hexo","hostname":"cs","pid":7324,"level":20,"msg":"Working directory: G:\\GitHub\\hexo-blog\\","time":"2016-07-29T07:09:42.027Z","v":0}
{"name":"hexo","hostname":"cs","pid":7324,"level":20,"msg":"Config loaded: G:\\GitHub\\hexo-blog\\_config.yml","time":"2016-07-29T07:09:42.217Z","v":0}
{"name":"hexo","hostname":"cs","pid":7324,"level":20,"msg":"Plugin loaded: hexo-deployer-git","time":"2016-07-29T07:09:42.315Z","v":0}
{"name":"hexo","hostname":"cs","pid":7324,"level":20,"msg":"Plugin loaded: hexo-deployer-openshift","time":"2016-07-29T07:09:42.392Z","v":0}
{"name":"hexo","hostname":"cs","pid":7324,"level":20,"msg":"Plugin loaded: hexo-deployer-rsync","time":"2016-07-29T07:09:42.395Z","v":0}
{"name":"hexo","hostname":"cs","pid":7324,"level":20,"msg":"Plugin loaded: hexo-deployer-heroku","time":"2016-07-29T07:09:42.458Z","v":0}
{"name":"hexo","hostname":"cs","pid":7324,"level":20,"msg":"Plugin loaded: hexo-generator-archive","time":"2016-07-29T07:09:42.464Z","v":0}
{"name":"hexo","hostname":"cs","pid":7324,"level":20,"msg":"Plugin loaded: hexo-generator-category","time":"2016-07-29T07:09:42.467Z","v":0}
{"name":"hexo","hostname":"cs","pid":7324,"level":20,"msg":"Plugin loaded: hexo-generator-feed","time":"2016-07-29T07:09:42.514Z","v":0}
{"name":"hexo","hostname":"cs","pid":7324,"level":20,"msg":"Plugin loaded: hexo-generator-index","time":"2016-07-29T07:09:42.516Z","v":0}
{"name":"hexo","hostname":"cs","pid":7324,"level":20,"msg":"Plugin loaded: hexo-generator-tag","time":"2016-07-29T07:09:42.519Z","v":0}
{"name":"hexo","hostname":"cs","pid":7324,"level":20,"msg":"Plugin loaded: hexo-generator-sitemap","time":"2016-07-29T07:09:42.522Z","v":0}
{"name":"hexo","hostname":"cs","pid":7324,"level":20,"msg":"Plugin loaded: hexo-renderer-ejs","time":"2016-07-29T07:09:42.528Z","v":0}
{"name":"hexo","hostname":"cs","pid":7324,"level":20,"msg":"Plugin loaded: hexo-migrator-cnblogs","time":"2016-07-29T07:09:42.849Z","v":0}
{"name":"hexo","hostname":"cs","pid":7324,"level":20,"msg":"Plugin loaded: hexo-renderer-stylus","time":"2016-07-29T07:09:43.012Z","v":0}
{"name":"hexo","hostname":"cs","pid":7324,"level":20,"msg":"Plugin loaded: hexo-renderer-marked","time":"2016-07-29T07:09:43.019Z","v":0}
{"name":"hexo","hostname":"cs","pid":7324,"level":20,"msg":"Plugin loaded: hexo-server","time":"2016-07-29T07:09:43.095Z","v":0}
{"name":"hexo","hostname":"cs","pid":7324,"level":20,"msg":"Plugin loaded: hexo-util","time":"2016-07-29T07:09:43.095Z","v":0}
{"name":"hexo","hostname":"cs","pid":7324,"level":20,"msg":"Plugin loaded: hexo-toc","time":"2016-07-29T07:09:43.333Z","v":0}
{"name":"hexo","hostname":"cs","pid":7324,"level":20,"msg":"Script loaded: themes\\next\\scripts\\merge-configs.js","time":"2016-07-29T07:09:43.335Z","v":0}
{"name":"hexo","hostname":"cs","pid":7324,"level":20,"msg":"Script loaded: themes\\next\\scripts\\tags\\full-image.js","time":"2016-07-29T07:09:43.336Z","v":0}
{"name":"hexo","hostname":"cs","pid":7324,"level":20,"msg":"Script loaded: themes\\next\\scripts\\tags\\center-quote.js","time":"2016-07-29T07:09:43.337Z","v":0}
{"name":"hexo","hostname":"cs","pid":7324,"level":20,"msg":"Script loaded: themes\\next\\scripts\\tags\\group-pictures.js","time":"2016-07-29T07:09:43.339Z","v":0}
{"name":"hexo","hostname":"cs","pid":7324,"level":20,"msg":"Loading database.","time":"2016-07-29T07:09:43.352Z","v":0}
{"name":"hexo","hostname":"cs","pid":7324,"level":30,"msg":"Start processing","time":"2016-07-29T07:09:43.589Z","v":0}
{"name":"hexo","hostname":"cs","pid":7324,"level":20,"msg":"Processed: 404.html","time":"2016-07-29T07:09:43.691Z","v":0}
{"name":"hexo","hostname":"cs","pid":7324,"level":20,"msg":"Processed: favicon.ico","time":"2016-07-29T07:09:43.713Z","v":0}
{"name":"hexo","hostname":"cs","pid":7324,"level":20,"msg":"Processed: _posts/build-first-blog.md","time":"2016-07-29T07:09:43.739Z","v":0}
{"name":"hexo","hostname":"cs","pid":7324,"level":20,"msg":"Processed: _posts/grunt-install.md","time":"2016-07-29T07:09:43.740Z","v":0}
{"name":"hexo","hostname":"cs","pid":7324,"level":20,"msg":"Processed: _posts/nodejs-install.md","time":"2016-07-29T07:09:43.801Z","v":0}
{"name":"hexo","hostname":"cs","pid":7324,"level":20,"msg":"Processed: _posts/npm-setting.md","time":"2016-07-29T07:09:43.801Z","v":0}
{"name":"hexo","hostname":"cs","pid":7324,"level":20,"msg":"Processed: categories/index.md","time":"2016-07-29T07:09:43.801Z","v":0}
{"name":"hexo","hostname":"cs","pid":7324,"level":20,"msg":"Processed: tags/index.md","time":"2016-07-29T07:09:43.802Z","v":0}
{"name":"hexo","hostname":"cs","pid":7324,"level":20,"msg":"Processed: img/avatar.jpg","time":"2016-07-29T07:09:43.803Z","v":0}
{"name":"hexo","hostname":"cs","pid":7324,"level":20,"msg":"Processed: img/github_build.png","time":"2016-07-29T07:09:43.805Z","v":0}
{"name":"hexo","hostname":"cs","pid":7324,"level":20,"msg":"Processed: img/github_created.png","time":"2016-07-29T07:09:43.805Z","v":0}
{"name":"hexo","hostname":"cs","pid":7324,"level":20,"msg":"Processed: source/404.html","time":"2016-07-29T07:09:43.805Z","v":0}
{"name":"hexo","hostname":"cs","pid":7324,"level":20,"msg":"Theme config loaded.","time":"2016-07-29T07:09:43.922Z","v":0}
{"name":"hexo","hostname":"cs","pid":7324,"level":20,"msg":"Processed: _config.yml","time":"2016-07-29T07:09:43.925Z","v":0}
{"name":"hexo","hostname":"cs","pid":7324,"level":20,"msg":"Processed: source/css/main.styl","time":"2016-07-29T07:09:43.925Z","v":0}
{"name":"hexo","hostname":"cs","pid":7324,"level":20,"msg":"Processed: source/images/avatar.gif","time":"2016-07-29T07:09:43.926Z","v":0}
{"name":"hexo","hostname":"cs","pid":7324,"level":20,"msg":"Processed: source/images/cc-by-nc-nd.svg","time":"2016-07-29T07:09:43.926Z","v":0}
{"name":"hexo","hostname":"cs","pid":7324,"level":20,"msg":"Processed: source/images/cc-by-nc-sa.svg","time":"2016-07-29T07:09:43.927Z","v":0}
{"name":"hexo","hostname":"cs","pid":7324,"level":20,"msg":"Processed: source/images/cc-by-nc.svg","time":"2016-07-29T07:09:43.927Z","v":0}
{"name":"hexo","hostname":"cs","pid":7324,"level":20,"msg":"Processed: source/images/cc-by-nd.svg","time":"2016-07-29T07:09:43.928Z","v":0}
{"name":"hexo","hostname":"cs","pid":7324,"level":20,"msg":"Processed: source/images/cc-by-sa.svg","time":"2016-07-29T07:09:43.928Z","v":0}
{"name":"hexo","hostname":"cs","pid":7324,"level":20,"msg":"Processed: source/images/cc-by.svg","time":"2016-07-29T07:09:43.928Z","v":0}
{"name":"hexo","hostname":"cs","pid":7324,"level":20,"msg":"Processed: source/images/cc-zero.svg","time":"2016-07-29T07:09:43.929Z","v":0}
{"name":"hexo","hostname":"cs","pid":7324,"level":20,"msg":"Processed: source/images/loading.gif","time":"2016-07-29T07:09:43.929Z","v":0}
{"name":"hexo","hostname":"cs","pid":7324,"level":20,"msg":"Processed: source/images/placeholder.gif","time":"2016-07-29T07:09:43.930Z","v":0}
{"name":"hexo","hostname":"cs","pid":7324,"level":20,"msg":"Processed: source/images/quote-l.svg","time":"2016-07-29T07:09:43.930Z","v":0}
{"name":"hexo","hostname":"cs","pid":7324,"level":20,"msg":"Processed: source/images/quote-r.svg","time":"2016-07-29T07:09:43.930Z","v":0}
{"name":"hexo","hostname":"cs","pid":7324,"level":20,"msg":"Processed: source/images/searchicon.png","time":"2016-07-29T07:09:43.930Z","v":0}
{"name":"hexo","hostname":"cs","pid":7324,"level":20,"msg":"Processed: layout/_layout.swig","time":"2016-07-29T07:09:44.148Z","v":0}
{"name":"hexo","hostname":"cs","pid":7324,"level":20,"msg":"Processed: layout/archive.swig","time":"2016-07-29T07:09:44.148Z","v":0}
{"name":"hexo","hostname":"cs","pid":7324,"level":20,"msg":"Processed: layout/category.swig","time":"2016-07-29T07:09:44.148Z","v":0}
{"name":"hexo","hostname":"cs","pid":7324,"level":20,"msg":"Processed: layout/page.swig","time":"2016-07-29T07:09:44.148Z","v":0}
{"name":"hexo","hostname":"cs","pid":7324,"level":20,"msg":"Processed: layout/index.swig","time":"2016-07-29T07:09:44.149Z","v":0}
{"name":"hexo","hostname":"cs","pid":7324,"level":20,"msg":"Processed: layout/post.swig","time":"2016-07-29T07:09:44.149Z","v":0}
{"name":"hexo","hostname":"cs","pid":7324,"level":20,"msg":"Processed: layout/tag.swig","time":"2016-07-29T07:09:44.149Z","v":0}
{"name":"hexo","hostname":"cs","pid":7324,"level":20,"msg":"Processed: languages/de.yml","time":"2016-07-29T07:09:44.165Z","v":0}
{"name":"hexo","hostname":"cs","pid":7324,"level":20,"msg":"Processed: languages/default.yml","time":"2016-07-29T07:09:44.165Z","v":0}
{"name":"hexo","hostname":"cs","pid":7324,"level":20,"msg":"Processed: languages/en.yml","time":"2016-07-29T07:09:44.165Z","v":0}
{"name":"hexo","hostname":"cs","pid":7324,"level":20,"msg":"Processed: languages/fr-FR.yml","time":"2016-07-29T07:09:44.165Z","v":0}
{"name":"hexo","hostname":"cs","pid":7324,"level":20,"msg":"Processed: languages/id.yml","time":"2016-07-29T07:09:44.165Z","v":0}
{"name":"hexo","hostname":"cs","pid":7324,"level":20,"msg":"Processed: languages/ja.yml","time":"2016-07-29T07:09:44.165Z","v":0}
{"name":"hexo","hostname":"cs","pid":7324,"level":20,"msg":"Processed: languages/pt-BR.yml","time":"2016-07-29T07:09:44.165Z","v":0}
{"name":"hexo","hostname":"cs","pid":7324,"level":20,"msg":"Processed: languages/pt.yml","time":"2016-07-29T07:09:44.165Z","v":0}
{"name":"hexo","hostname":"cs","pid":7324,"level":20,"msg":"Processed: languages/ru.yml","time":"2016-07-29T07:09:44.165Z","v":0}
{"name":"hexo","hostname":"cs","pid":7324,"level":20,"msg":"Processed: languages/zh-Hans.yml","time":"2016-07-29T07:09:44.165Z","v":0}
{"name":"hexo","hostname":"cs","pid":7324,"level":20,"msg":"Processed: languages/zh-hk.yml","time":"2016-07-29T07:09:44.165Z","v":0}
{"name":"hexo","hostname":"cs","pid":7324,"level":20,"msg":"Processed: languages/zh-tw.yml","time":"2016-07-29T07:09:44.166Z","v":0}
{"name":"hexo","hostname":"cs","pid":7324,"level":20,"msg":"Processed: source/js/src/affix.js","time":"2016-07-29T07:09:44.166Z","v":0}
{"name":"hexo","hostname":"cs","pid":7324,"level":20,"msg":"Processed: source/js/src/bootstrap.js","time":"2016-07-29T07:09:44.166Z","v":0}
{"name":"hexo","hostname":"cs","pid":7324,"level":20,"msg":"Processed: source/js/src/hook-duoshuo.js","time":"2016-07-29T07:09:44.167Z","v":0}
{"name":"hexo","hostname":"cs","pid":7324,"level":20,"msg":"Processed: source/js/src/motion.js","time":"2016-07-29T07:09:44.167Z","v":0}
{"name":"hexo","hostname":"cs","pid":7324,"level":20,"msg":"Processed: source/js/src/post-details.js","time":"2016-07-29T07:09:44.167Z","v":0}
{"name":"hexo","hostname":"cs","pid":7324,"level":20,"msg":"Processed: source/js/src/scrollspy.js","time":"2016-07-29T07:09:44.167Z","v":0}
{"name":"hexo","hostname":"cs","pid":7324,"level":20,"msg":"Processed: source/js/src/utils.js","time":"2016-07-29T07:09:44.167Z","v":0}
{"name":"hexo","hostname":"cs","pid":7324,"level":20,"msg":"Processed: source/vendors/fastclick/LICENSE","time":"2016-07-29T07:09:44.173Z","v":0}
{"name":"hexo","hostname":"cs","pid":7324,"level":20,"msg":"Processed: source/vendors/fastclick/README.md","time":"2016-07-29T07:09:44.173Z","v":0}
{"name":"hexo","hostname":"cs","pid":7324,"level":20,"msg":"Processed: source/vendors/fastclick/bower.json","time":"2016-07-29T07:09:44.179Z","v":0}
{"name":"hexo","hostname":"cs","pid":7324,"level":20,"msg":"Processed: source/vendors/font-awesome/HELP-US-OUT.txt","time":"2016-07-29T07:09:44.179Z","v":0}
{"name":"hexo","hostname":"cs","pid":7324,"level":20,"msg":"Processed: source/vendors/font-awesome/bower.json","time":"2016-07-29T07:09:44.180Z","v":0}
{"name":"hexo","hostname":"cs","pid":7324,"level":20,"msg":"Processed: source/vendors/jquery_lazyload/CONTRIBUTING.md","time":"2016-07-29T07:09:44.182Z","v":0}
{"name":"hexo","hostname":"cs","pid":7324,"level":20,"msg":"Processed: source/vendors/jquery_lazyload/README.md","time":"2016-07-29T07:09:44.182Z","v":0}
{"name":"hexo","hostname":"cs","pid":7324,"level":20,"msg":"Processed: source/vendors/jquery_lazyload/bower.json","time":"2016-07-29T07:09:44.186Z","v":0}
{"name":"hexo","hostname":"cs","pid":7324,"level":20,"msg":"Processed: source/vendors/jquery_lazyload/jquery.lazyload.js","time":"2016-07-29T07:09:44.186Z","v":0}
{"name":"hexo","hostname":"cs","pid":7324,"level":20,"msg":"Processed: source/vendors/jquery_lazyload/jquery.scrollstop.js","time":"2016-07-29T07:09:44.186Z","v":0}
{"name":"hexo","hostname":"cs","pid":7324,"level":20,"msg":"Processed: source/vendors/velocity/bower.json","time":"2016-07-29T07:09:44.187Z","v":0}
{"name":"hexo","hostname":"cs","pid":7324,"level":20,"msg":"Processed: source/vendors/velocity/velocity.min.js","time":"2016-07-29T07:09:44.191Z","v":0}
{"name":"hexo","hostname":"cs","pid":7324,"level":20,"msg":"Processed: source/vendors/velocity/velocity.ui.js","time":"2016-07-29T07:09:44.191Z","v":0}
{"name":"hexo","hostname":"cs","pid":7324,"level":20,"msg":"Processed: source/vendors/velocity/velocity.ui.min.js","time":"2016-07-29T07:09:44.191Z","v":0}
{"name":"hexo","hostname":"cs","pid":7324,"level":20,"msg":"Processed: source/vendors/jquery/index.js","time":"2016-07-29T07:09:44.209Z","v":0}
{"name":"hexo","hostname":"cs","pid":7324,"level":20,"msg":"Processed: layout/_macro/reward.swig","time":"2016-07-29T07:09:44.272Z","v":0}
{"name":"hexo","hostname":"cs","pid":7324,"level":20,"msg":"Processed: layout/_macro/post-collapse.swig","time":"2016-07-29T07:09:44.272Z","v":0}
{"name":"hexo","hostname":"cs","pid":7324,"level":20,"msg":"Processed: layout/_macro/post.swig","time":"2016-07-29T07:09:44.273Z","v":0}
{"name":"hexo","hostname":"cs","pid":7324,"level":20,"msg":"Processed: layout/_macro/sidebar.swig","time":"2016-07-29T07:09:44.273Z","v":0}
{"name":"hexo","hostname":"cs","pid":7324,"level":20,"msg":"Processed: layout/_macro/wechat-subscriber.swig","time":"2016-07-29T07:09:44.273Z","v":0}
{"name":"hexo","hostname":"cs","pid":7324,"level":20,"msg":"Processed: layout/_partials/footer.swig","time":"2016-07-29T07:09:44.273Z","v":0}
{"name":"hexo","hostname":"cs","pid":7324,"level":20,"msg":"Processed: layout/_partials/comments.swig","time":"2016-07-29T07:09:44.273Z","v":0}
{"name":"hexo","hostname":"cs","pid":7324,"level":20,"msg":"Processed: layout/_partials/duoshuo-hot-articles.swig","time":"2016-07-29T07:09:44.273Z","v":0}
{"name":"hexo","hostname":"cs","pid":7324,"level":20,"msg":"Processed: layout/_partials/head.swig","time":"2016-07-29T07:09:44.273Z","v":0}
{"name":"hexo","hostname":"cs","pid":7324,"level":20,"msg":"Processed: layout/_partials/pagination.swig","time":"2016-07-29T07:09:44.273Z","v":0}
{"name":"hexo","hostname":"cs","pid":7324,"level":20,"msg":"Processed: layout/_partials/header.swig","time":"2016-07-29T07:09:44.273Z","v":0}
{"name":"hexo","hostname":"cs","pid":7324,"level":20,"msg":"Processed: layout/_partials/search.swig","time":"2016-07-29T07:09:44.273Z","v":0}
{"name":"hexo","hostname":"cs","pid":7324,"level":20,"msg":"Processed: layout/_scripts/baidu-push.swig","time":"2016-07-29T07:09:44.273Z","v":0}
{"name":"hexo","hostname":"cs","pid":7324,"level":20,"msg":"Processed: layout/_scripts/boostrap.swig","time":"2016-07-29T07:09:44.273Z","v":0}
{"name":"hexo","hostname":"cs","pid":7324,"level":20,"msg":"Processed: layout/_scripts/commons.swig","time":"2016-07-29T07:09:44.273Z","v":0}
{"name":"hexo","hostname":"cs","pid":7324,"level":20,"msg":"Processed: layout/_scripts/vendors.swig","time":"2016-07-29T07:09:44.273Z","v":0}
{"name":"hexo","hostname":"cs","pid":7324,"level":20,"msg":"Processed: source/js/src/schemes/pisces.js","time":"2016-07-29T07:09:44.282Z","v":0}
{"name":"hexo","hostname":"cs","pid":7324,"level":20,"msg":"Processed: source/vendors/fancybox/source/blank.gif","time":"2016-07-29T07:09:44.282Z","v":0}
{"name":"hexo","hostname":"cs","pid":7324,"level":20,"msg":"Processed: source/vendors/fancybox/source/fancybox_loading@2x.gif","time":"2016-07-29T07:09:44.283Z","v":0}
{"name":"hexo","hostname":"cs","pid":7324,"level":20,"msg":"Processed: source/vendors/fancybox/source/fancybox_loading.gif","time":"2016-07-29T07:09:44.283Z","v":0}
{"name":"hexo","hostname":"cs","pid":7324,"level":20,"msg":"Processed: source/vendors/fancybox/source/fancybox_overlay.png","time":"2016-07-29T07:09:44.283Z","v":0}
{"name":"hexo","hostname":"cs","pid":7324,"level":20,"msg":"Processed: source/vendors/fancybox/source/fancybox_sprite.png","time":"2016-07-29T07:09:44.283Z","v":0}
{"name":"hexo","hostname":"cs","pid":7324,"level":20,"msg":"Processed: source/vendors/fancybox/source/fancybox_sprite@2x.png","time":"2016-07-29T07:09:44.283Z","v":0}
{"name":"hexo","hostname":"cs","pid":7324,"level":20,"msg":"Processed: source/vendors/fancybox/source/jquery.fancybox.css","time":"2016-07-29T07:09:44.283Z","v":0}
{"name":"hexo","hostname":"cs","pid":7324,"level":20,"msg":"Processed: source/vendors/fancybox/source/jquery.fancybox.js","time":"2016-07-29T07:09:44.284Z","v":0}
{"name":"hexo","hostname":"cs","pid":7324,"level":20,"msg":"Processed: source/vendors/fancybox/source/jquery.fancybox.pack.js","time":"2016-07-29T07:09:44.284Z","v":0}
{"name":"hexo","hostname":"cs","pid":7324,"level":20,"msg":"Processed: source/vendors/fastclick/lib/fastclick.js","time":"2016-07-29T07:09:44.285Z","v":0}
{"name":"hexo","hostname":"cs","pid":7324,"level":20,"msg":"Processed: source/vendors/fastclick/lib/fastclick.min.js","time":"2016-07-29T07:09:44.285Z","v":0}
{"name":"hexo","hostname":"cs","pid":7324,"level":20,"msg":"Processed: source/vendors/font-awesome/css/font-awesome.css.map","time":"2016-07-29T07:09:44.286Z","v":0}
{"name":"hexo","hostname":"cs","pid":7324,"level":20,"msg":"Processed: source/vendors/font-awesome/css/font-awesome.css","time":"2016-07-29T07:09:44.286Z","v":0}
{"name":"hexo","hostname":"cs","pid":7324,"level":20,"msg":"Processed: source/vendors/font-awesome/css/font-awesome.min.css","time":"2016-07-29T07:09:44.286Z","v":0}
{"name":"hexo","hostname":"cs","pid":7324,"level":20,"msg":"Processed: source/vendors/font-awesome/fonts/fontawesome-webfont.woff2","time":"2016-07-29T07:09:44.286Z","v":0}
{"name":"hexo","hostname":"cs","pid":7324,"level":20,"msg":"Processed: source/vendors/ua-parser-js/dist/ua-parser.min.js","time":"2016-07-29T07:09:44.287Z","v":0}
{"name":"hexo","hostname":"cs","pid":7324,"level":20,"msg":"Processed: source/vendors/ua-parser-js/dist/ua-parser.pack.js","time":"2016-07-29T07:09:44.287Z","v":0}
{"name":"hexo","hostname":"cs","pid":7324,"level":20,"msg":"Processed: layout/_scripts/schemes/mist.swig","time":"2016-07-29T07:09:44.293Z","v":0}
{"name":"hexo","hostname":"cs","pid":7324,"level":20,"msg":"Processed: layout/_scripts/schemes/muse.swig","time":"2016-07-29T07:09:44.293Z","v":0}
{"name":"hexo","hostname":"cs","pid":7324,"level":20,"msg":"Processed: source/vendors/font-awesome/fonts/FontAwesome.otf","time":"2016-07-29T07:09:44.295Z","v":0}
{"name":"hexo","hostname":"cs","pid":7324,"level":20,"msg":"Processed: source/vendors/font-awesome/fonts/fontawesome-webfont.eot","time":"2016-07-29T07:09:44.296Z","v":0}
{"name":"hexo","hostname":"cs","pid":7324,"level":20,"msg":"Processed: source/vendors/font-awesome/fonts/fontawesome-webfont.woff","time":"2016-07-29T07:09:44.296Z","v":0}
{"name":"hexo","hostname":"cs","pid":7324,"level":20,"msg":"Processed: source/vendors/velocity/velocity.js","time":"2016-07-29T07:09:44.296Z","v":0}
{"name":"hexo","hostname":"cs","pid":7324,"level":20,"msg":"Processed: layout/_partials/head/external-fonts.swig","time":"2016-07-29T07:09:44.313Z","v":0}
{"name":"hexo","hostname":"cs","pid":7324,"level":20,"msg":"Processed: layout/_partials/search/localsearch.swig","time":"2016-07-29T07:09:44.313Z","v":0}
{"name":"hexo","hostname":"cs","pid":7324,"level":20,"msg":"Processed: layout/_partials/search/swiftype.swig","time":"2016-07-29T07:09:44.313Z","v":0}
{"name":"hexo","hostname":"cs","pid":7324,"level":20,"msg":"Processed: layout/_partials/search/tinysou.swig","time":"2016-07-29T07:09:44.313Z","v":0}
{"name":"hexo","hostname":"cs","pid":7324,"level":20,"msg":"Processed: layout/_partials/share/add-this.swig","time":"2016-07-29T07:09:44.313Z","v":0}
{"name":"hexo","hostname":"cs","pid":7324,"level":20,"msg":"Processed: layout/_partials/share/baidushare.swig","time":"2016-07-29T07:09:44.313Z","v":0}
{"name":"hexo","hostname":"cs","pid":7324,"level":20,"msg":"Processed: layout/_partials/share/duoshuo_share.swig","time":"2016-07-29T07:09:44.313Z","v":0}
{"name":"hexo","hostname":"cs","pid":7324,"level":20,"msg":"Processed: layout/_partials/share/jiathis.swig","time":"2016-07-29T07:09:44.313Z","v":0}
{"name":"hexo","hostname":"cs","pid":7324,"level":20,"msg":"Processed: layout/_scripts/pages/post-details.swig","time":"2016-07-29T07:09:44.313Z","v":0}
{"name":"hexo","hostname":"cs","pid":7324,"level":20,"msg":"Processed: layout/_scripts/third-party/analytics.swig","time":"2016-07-29T07:09:44.314Z","v":0}
{"name":"hexo","hostname":"cs","pid":7324,"level":20,"msg":"Processed: layout/_scripts/schemes/pisces.swig","time":"2016-07-29T07:09:44.314Z","v":0}
{"name":"hexo","hostname":"cs","pid":7324,"level":20,"msg":"Processed: layout/_scripts/third-party/comments.swig","time":"2016-07-29T07:09:44.314Z","v":0}
{"name":"hexo","hostname":"cs","pid":7324,"level":20,"msg":"Processed: layout/_scripts/third-party/localsearch.swig","time":"2016-07-29T07:09:44.314Z","v":0}
{"name":"hexo","hostname":"cs","pid":7324,"level":20,"msg":"Processed: layout/_scripts/third-party/mathjax.swig","time":"2016-07-29T07:09:44.314Z","v":0}
{"name":"hexo","hostname":"cs","pid":7324,"level":20,"msg":"Processed: layout/_scripts/third-party/lean-analytics.swig","time":"2016-07-29T07:09:44.314Z","v":0}
{"name":"hexo","hostname":"cs","pid":7324,"level":20,"msg":"Processed: layout/_scripts/third-party/tinysou.swig","time":"2016-07-29T07:09:44.314Z","v":0}
{"name":"hexo","hostname":"cs","pid":7324,"level":20,"msg":"Processed: source/vendors/fancybox/source/helpers/fancybox_buttons.png","time":"2016-07-29T07:09:44.316Z","v":0}
{"name":"hexo","hostname":"cs","pid":7324,"level":20,"msg":"Processed: source/vendors/fancybox/source/helpers/jquery.fancybox-buttons.css","time":"2016-07-29T07:09:44.317Z","v":0}
{"name":"hexo","hostname":"cs","pid":7324,"level":20,"msg":"Processed: source/vendors/fancybox/source/helpers/jquery.fancybox-buttons.js","time":"2016-07-29T07:09:44.317Z","v":0}
{"name":"hexo","hostname":"cs","pid":7324,"level":20,"msg":"Processed: source/vendors/fancybox/source/helpers/jquery.fancybox-media.js","time":"2016-07-29T07:09:44.317Z","v":0}
{"name":"hexo","hostname":"cs","pid":7324,"level":20,"msg":"Processed: source/vendors/fancybox/source/helpers/jquery.fancybox-thumbs.css","time":"2016-07-29T07:09:44.318Z","v":0}
{"name":"hexo","hostname":"cs","pid":7324,"level":20,"msg":"Processed: source/vendors/fancybox/source/helpers/jquery.fancybox-thumbs.js","time":"2016-07-29T07:09:44.318Z","v":0}
{"name":"hexo","hostname":"cs","pid":7324,"level":20,"msg":"Processed: source/vendors/font-awesome/fonts/fontawesome-webfont.ttf","time":"2016-07-29T07:09:44.318Z","v":0}
{"name":"hexo","hostname":"cs","pid":7324,"level":20,"msg":"Processed: layout/_scripts/third-party/analytics/busuanzi-counter.swig","time":"2016-07-29T07:09:44.341Z","v":0}
{"name":"hexo","hostname":"cs","pid":7324,"level":20,"msg":"Processed: layout/_scripts/third-party/analytics/baidu-analytics.swig","time":"2016-07-29T07:09:44.341Z","v":0}
{"name":"hexo","hostname":"cs","pid":7324,"level":20,"msg":"Processed: layout/_scripts/third-party/analytics/cnzz-analytics.swig","time":"2016-07-29T07:09:44.341Z","v":0}
{"name":"hexo","hostname":"cs","pid":7324,"level":20,"msg":"Processed: layout/_scripts/third-party/analytics/facebook-sdk.swig","time":"2016-07-29T07:09:44.341Z","v":0}
{"name":"hexo","hostname":"cs","pid":7324,"level":20,"msg":"Processed: layout/_scripts/third-party/analytics/tencent-analytics.swig","time":"2016-07-29T07:09:44.341Z","v":0}
{"name":"hexo","hostname":"cs","pid":7324,"level":20,"msg":"Processed: layout/_scripts/third-party/comments/disqus.swig","time":"2016-07-29T07:09:44.341Z","v":0}
{"name":"hexo","hostname":"cs","pid":7324,"level":20,"msg":"Processed: layout/_scripts/third-party/analytics/google-analytics.swig","time":"2016-07-29T07:09:44.341Z","v":0}
{"name":"hexo","hostname":"cs","pid":7324,"level":20,"msg":"Processed: layout/_scripts/third-party/comments/duoshuo.swig","time":"2016-07-29T07:09:44.341Z","v":0}
{"name":"hexo","hostname":"cs","pid":7324,"level":20,"msg":"Processed: source/vendors/font-awesome/fonts/fontawesome-webfont.svg","time":"2016-07-29T07:09:44.352Z","v":0}
{"name":"hexo","hostname":"cs","pid":7324,"level":20,"msg":"Generator: page","time":"2016-07-29T07:09:44.659Z","v":0}
{"name":"hexo","hostname":"cs","pid":7324,"level":20,"msg":"Generator: post","time":"2016-07-29T07:09:44.659Z","v":0}
{"name":"hexo","hostname":"cs","pid":7324,"level":20,"msg":"Generator: archive","time":"2016-07-29T07:09:44.659Z","v":0}
{"name":"hexo","hostname":"cs","pid":7324,"level":20,"msg":"Generator: category","time":"2016-07-29T07:09:44.659Z","v":0}
{"name":"hexo","hostname":"cs","pid":7324,"level":20,"msg":"Generator: feed","time":"2016-07-29T07:09:44.659Z","v":0}
{"name":"hexo","hostname":"cs","pid":7324,"level":20,"msg":"Generator: index","time":"2016-07-29T07:09:44.659Z","v":0}
{"name":"hexo","hostname":"cs","pid":7324,"level":20,"msg":"Generator: tag","time":"2016-07-29T07:09:44.660Z","v":0}
{"name":"hexo","hostname":"cs","pid":7324,"level":20,"msg":"Generator: sitemap","time":"2016-07-29T07:09:44.660Z","v":0}
{"name":"hexo","hostname":"cs","pid":7324,"level":20,"msg":"Generator: asset","time":"2016-07-29T07:09:44.662Z","v":0}
{"name":"hexo","hostname":"cs","pid":7324,"level":30,"msg":"Hexo is running at http://0.0.0.0:4000/. Press Ctrl+C to stop.","time":"2016-07-29T07:09:44.715Z","v":0}
{"name":"hexo","hostname":"cs","pid":7324,"level":20,"msg":"Database saved","time":"2016-07-29T07:09:44.754Z","v":0}
{"name":"hexo","hostname":"cs","pid":7324,"level":20,"msg":"Rendering post: 2016/03/21/grunt-install/index.html","time":"2016-07-29T07:10:00.432Z","v":0}
